{"meta": {"format": 3, "version": "7.10.7", "timestamp": "2025-10-03T22:27:07.516850", "branch_coverage": false, "show_contexts": false}, "files": {"src/cataphract/__init__.py": {"executed_lines": [0], "summary": {"covered_lines": 0, "num_statements": 0, "percent_covered": 100.0, "percent_covered_display": "100", "missing_lines": 0, "excluded_lines": 0}, "missing_lines": [], "excluded_lines": [], "functions": {"": {"executed_lines": [], "summary": {"covered_lines": 0, "num_statements": 0, "percent_covered": 100.0, "percent_covered_display": "100", "missing_lines": 0, "excluded_lines": 0}, "missing_lines": [], "excluded_lines": []}}, "classes": {"": {"executed_lines": [], "summary": {"covered_lines": 0, "num_statements": 0, "percent_covered": 100.0, "percent_covered_display": "100", "missing_lines": 0, "excluded_lines": 0}, "missing_lines": [], "excluded_lines": []}}}, "src/cataphract/api/__init__.py": {"executed_lines": [], "summary": {"covered_lines": 0, "num_statements": 0, "percent_covered": 100.0, "percent_covered_display": "100", "missing_lines": 0, "excluded_lines": 0}, "missing_lines": [], "excluded_lines": [], "functions": {"": {"executed_lines": [], "summary": {"covered_lines": 0, "num_statements": 0, "percent_covered": 100.0, "percent_covered_display": "100", "missing_lines": 0, "excluded_lines": 0}, "missing_lines": [], "excluded_lines": []}}, "classes": {"": {"executed_lines": [], "summary": {"covered_lines": 0, "num_statements": 0, "percent_covered": 100.0, "percent_covered_display": "100", "missing_lines": 0, "excluded_lines": 0}, "missing_lines": [], "excluded_lines": []}}}, "src/cataphract/config.py": {"executed_lines": [1, 7, 8, 10, 11, 14, 15, 24, 32, 37, 42, 49, 56, 62, 68, 69, 70, 82, 86, 87, 88, 90, 91, 93, 96, 97, 107], "summary": {"covered_lines": 25, "num_statements": 26, "percent_covered": 96.15384615384616, "percent_covered_display": "96", "missing_lines": 1, "excluded_lines": 0}, "missing_lines": [83], "excluded_lines": [], "functions": {"Settings.validate_database_url": {"executed_lines": [82, 86, 87, 88, 90, 91, 93], "summary": {"covered_lines": 7, "num_statements": 8, "percent_covered": 87.5, "percent_covered_display": "88", "missing_lines": 1, "excluded_lines": 0}, "missing_lines": [83], "excluded_lines": []}, "get_settings": {"executed_lines": [107], "summary": {"covered_lines": 1, "num_statements": 1, "percent_covered": 100.0, "percent_covered_display": "100", "missing_lines": 0, "excluded_lines": 0}, "missing_lines": [], "excluded_lines": []}, "": {"executed_lines": [1, 7, 8, 10, 11, 14, 15, 24, 32, 37, 42, 49, 56, 62, 68, 69, 70, 96, 97], "summary": {"covered_lines": 17, "num_statements": 17, "percent_covered": 100.0, "percent_covered_display": "100", "missing_lines": 0, "excluded_lines": 0}, "missing_lines": [], "excluded_lines": []}}, "classes": {"Settings": {"executed_lines": [82, 86, 87, 88, 90, 91, 93], "summary": {"covered_lines": 7, "num_statements": 8, "percent_covered": 87.5, "percent_covered_display": "88", "missing_lines": 1, "excluded_lines": 0}, "missing_lines": [83], "excluded_lines": []}, "": {"executed_lines": [1, 7, 8, 10, 11, 14, 15, 24, 32, 37, 42, 49, 56, 62, 68, 69, 70, 96, 97, 107], "summary": {"covered_lines": 18, "num_statements": 18, "percent_covered": 100.0, "percent_covered_display": "100", "missing_lines": 0, "excluded_lines": 0}, "missing_lines": [], "excluded_lines": []}}}, "src/cataphract/database.py": {"executed_lines": [1, 7, 8, 9, 10, 11, 12, 14, 15, 16, 18, 19, 22, 36, 37, 38, 39, 40, 43, 52, 54, 56, 65, 78, 82, 83, 86, 93, 94, 95, 98, 105, 106, 107, 112, 115, 131, 132, 133, 134, 136, 139, 150, 162, 163, 164, 165, 166, 171, 225, 237, 238, 239, 242, 264, 265, 266, 271, 272, 273], "summary": {"covered_lines": 59, "num_statements": 84, "percent_covered": 70.23809523809524, "percent_covered_display": "70", "missing_lines": 25, "excluded_lines": 0}, "missing_lines": [68, 146, 147, 167, 168, 181, 182, 186, 187, 188, 189, 190, 192, 194, 195, 196, 197, 199, 200, 201, 202, 205, 210, 213, 218], "excluded_lines": [], "functions": {"_configure_sqlite_wal": {"executed_lines": [36, 37, 38, 39, 40], "summary": {"covered_lines": 5, "num_statements": 5, "percent_covered": 100.0, "percent_covered_display": "100", "missing_lines": 0, "excluded_lines": 0}, "missing_lines": [], "excluded_lines": []}, "create_db_engine": {"executed_lines": [52, 54, 56, 65, 78], "summary": {"covered_lines": 5, "num_statements": 6, "percent_covered": 83.33333333333333, "percent_covered_display": "83", "missing_lines": 1, "excluded_lines": 0}, "missing_lines": [68], "excluded_lines": []}, "get_engine": {"executed_lines": [93, 94, 95], "summary": {"covered_lines": 3, "num_statements": 3, "percent_covered": 100.0, "percent_covered_display": "100", "missing_lines": 0, "excluded_lines": 0}, "missing_lines": [], "excluded_lines": []}, "get_session_factory": {"executed_lines": [105, 106, 107, 112], "summary": {"covered_lines": 4, "num_statements": 4, "percent_covered": 100.0, "percent_covered_display": "100", "missing_lines": 0, "excluded_lines": 0}, "missing_lines": [], "excluded_lines": []}, "get_db": {"executed_lines": [131, 132, 133, 134, 136], "summary": {"covered_lines": 5, "num_statements": 5, "percent_covered": 100.0, "percent_covered_display": "100", "missing_lines": 0, "excluded_lines": 0}, "missing_lines": [], "excluded_lines": []}, "init_db": {"executed_lines": [], "summary": {"covered_lines": 0, "num_statements": 2, "percent_covered": 0.0, "percent_covered_display": "0", "missing_lines": 2, "excluded_lines": 0}, "missing_lines": [146, 147], "excluded_lines": []}, "check_database_health": {"executed_lines": [162, 163, 164, 165, 166], "summary": {"covered_lines": 5, "num_statements": 7, "percent_covered": 71.42857142857143, "percent_covered_display": "71", "missing_lines": 2, "excluded_lines": 0}, "missing_lines": [167, 168], "excluded_lines": []}, "reset_database": {"executed_lines": [], "summary": {"covered_lines": 0, "num_statements": 20, "percent_covered": 0.0, "percent_covered_display": "0", "missing_lines": 20, "excluded_lines": 0}, "missing_lines": [181, 182, 186, 187, 188, 189, 190, 192, 194, 195, 196, 197, 199, 200, 201, 202, 205, 210, 213, 218], "excluded_lines": []}, "get_table_names": {"executed_lines": [237, 238, 239], "summary": {"covered_lines": 3, "num_statements": 3, "percent_covered": 100.0, "percent_covered_display": "100", "missing_lines": 0, "excluded_lines": 0}, "missing_lines": [], "excluded_lines": []}, "count_rows": {"executed_lines": [264, 265, 266, 271, 272, 273], "summary": {"covered_lines": 6, "num_statements": 6, "percent_covered": 100.0, "percent_covered_display": "100", "missing_lines": 0, "excluded_lines": 0}, "missing_lines": [], "excluded_lines": []}, "": {"executed_lines": [1, 7, 8, 9, 10, 11, 12, 14, 15, 16, 18, 19, 22, 43, 82, 83, 86, 98, 115, 139, 150, 171, 225, 242], "summary": {"covered_lines": 23, "num_statements": 23, "percent_covered": 100.0, "percent_covered_display": "100", "missing_lines": 0, "excluded_lines": 0}, "missing_lines": [], "excluded_lines": []}}, "classes": {"": {"executed_lines": [1, 7, 8, 9, 10, 11, 12, 14, 15, 16, 18, 19, 22, 36, 37, 38, 39, 40, 43, 52, 54, 56, 65, 78, 82, 83, 86, 93, 94, 95, 98, 105, 106, 107, 112, 115, 131, 132, 133, 134, 136, 139, 150, 162, 163, 164, 165, 166, 171, 225, 237, 238, 239, 242, 264, 265, 266, 271, 272, 273], "summary": {"covered_lines": 59, "num_statements": 84, "percent_covered": 70.23809523809524, "percent_covered_display": "70", "missing_lines": 25, "excluded_lines": 0}, "missing_lines": [68, 146, 147, 167, 168, 181, 182, 186, 187, 188, 189, 190, 192, 194, 195, 196, 197, 199, 200, 201, 202, 205, 210, 213, 218], "excluded_lines": []}}}, "src/cataphract/domain/__init__.py": {"executed_lines": [0], "summary": {"covered_lines": 0, "num_statements": 0, "percent_covered": 100.0, "percent_covered_display": "100", "missing_lines": 0, "excluded_lines": 0}, "missing_lines": [], "excluded_lines": [], "functions": {"": {"executed_lines": [], "summary": {"covered_lines": 0, "num_statements": 0, "percent_covered": 100.0, "percent_covered_display": "100", "missing_lines": 0, "excluded_lines": 0}, "missing_lines": [], "excluded_lines": []}}, "classes": {"": {"executed_lines": [], "summary": {"covered_lines": 0, "num_statements": 0, "percent_covered": 100.0, "percent_covered_display": "100", "missing_lines": 0, "excluded_lines": 0}, "missing_lines": [], "excluded_lines": []}}}, "src/cataphract/domain/army.py": {"executed_lines": [], "summary": {"covered_lines": 0, "num_statements": 14, "percent_covered": 0.0, "percent_covered_display": "0", "missing_lines": 14, "excluded_lines": 0}, "missing_lines": [6, 7, 10, 13, 16, 18, 21, 26, 29, 36, 37, 38, 40, 41], "excluded_lines": [], "functions": {"validate_detachments_unsplittable": {"executed_lines": [], "summary": {"covered_lines": 0, "num_statements": 1, "percent_covered": 0.0, "percent_covered_display": "0", "missing_lines": 1, "excluded_lines": 0}, "missing_lines": [13], "excluded_lines": []}, "calculate_total_detachments": {"executed_lines": [], "summary": {"covered_lines": 0, "num_statements": 1, "percent_covered": 0.0, "percent_covered_display": "0", "missing_lines": 1, "excluded_lines": 0}, "missing_lines": [18], "excluded_lines": []}, "can_split_army": {"executed_lines": [], "summary": {"covered_lines": 0, "num_statements": 1, "percent_covered": 0.0, "percent_covered_display": "0", "missing_lines": 1, "excluded_lines": 0}, "missing_lines": [26], "excluded_lines": []}, "apply_noncombatant_gains": {"executed_lines": [], "summary": {"covered_lines": 0, "num_statements": 5, "percent_covered": 0.0, "percent_covered_display": "0", "missing_lines": 5, "excluded_lines": 0}, "missing_lines": [36, 37, 38, 40, 41], "excluded_lines": []}, "": {"executed_lines": [], "summary": {"covered_lines": 0, "num_statements": 6, "percent_covered": 0.0, "percent_covered_display": "0", "missing_lines": 6, "excluded_lines": 0}, "missing_lines": [6, 7, 10, 16, 21, 29], "excluded_lines": []}}, "classes": {"": {"executed_lines": [], "summary": {"covered_lines": 0, "num_statements": 14, "percent_covered": 0.0, "percent_covered_display": "0", "missing_lines": 14, "excluded_lines": 0}, "missing_lines": [6, 7, 10, 13, 16, 18, 21, 26, 29, 36, 37, 38, 40, 41], "excluded_lines": []}}}, "src/cataphract/domain/battle_data.py": {"executed_lines": [1, 7, 9, 12, 13, 14, 16, 17, 18, 19, 20, 21, 22, 25, 26, 27, 29, 30, 31, 32, 33, 34, 36, 37, 41, 42, 46, 47, 52, 53, 54, 56, 57, 58, 59, 60, 61, 62, 65, 66, 67, 69, 70, 71, 72, 73, 74, 77, 78, 79, 81, 82, 83, 84, 87, 88, 89, 91, 92], "summary": {"covered_lines": 52, "num_statements": 55, "percent_covered": 94.54545454545455, "percent_covered_display": "95", "missing_lines": 3, "excluded_lines": 0}, "missing_lines": [39, 44, 49], "excluded_lines": [], "functions": {"BattleContext.attacker_armies": {"executed_lines": [], "summary": {"covered_lines": 0, "num_statements": 1, "percent_covered": 0.0, "percent_covered_display": "0", "missing_lines": 1, "excluded_lines": 0}, "missing_lines": [39], "excluded_lines": []}, "BattleContext.defender_armies": {"executed_lines": [], "summary": {"covered_lines": 0, "num_statements": 1, "percent_covered": 0.0, "percent_covered_display": "0", "missing_lines": 1, "excluded_lines": 0}, "missing_lines": [44], "excluded_lines": []}, "BattleContext.all_armies": {"executed_lines": [], "summary": {"covered_lines": 0, "num_statements": 1, "percent_covered": 0.0, "percent_covered_display": "0", "missing_lines": 1, "excluded_lines": 0}, "missing_lines": [49], "excluded_lines": []}, "": {"executed_lines": [1, 7, 9, 12, 13, 14, 16, 17, 18, 19, 20, 21, 22, 25, 26, 27, 29, 30, 31, 32, 33, 34, 36, 37, 41, 42, 46, 47, 52, 53, 54, 56, 57, 58, 59, 60, 61, 62, 65, 66, 67, 69, 70, 71, 72, 73, 74, 77, 78, 79, 81, 82, 83, 84, 87, 88, 89, 91, 92], "summary": {"covered_lines": 52, "num_statements": 52, "percent_covered": 100.0, "percent_covered_display": "100", "missing_lines": 0, "excluded_lines": 0}, "missing_lines": [], "excluded_lines": []}}, "classes": {"BattleParameters": {"executed_lines": [], "summary": {"covered_lines": 0, "num_statements": 0, "percent_covered": 100.0, "percent_covered_display": "100", "missing_lines": 0, "excluded_lines": 0}, "missing_lines": [], "excluded_lines": []}, "BattleContext": {"executed_lines": [], "summary": {"covered_lines": 0, "num_statements": 3, "percent_covered": 0.0, "percent_covered_display": "0", "missing_lines": 3, "excluded_lines": 0}, "missing_lines": [39, 44, 49], "excluded_lines": []}, "ArmyBattleState": {"executed_lines": [], "summary": {"covered_lines": 0, "num_statements": 0, "percent_covered": 100.0, "percent_covered_display": "100", "missing_lines": 0, "excluded_lines": 0}, "missing_lines": [], "excluded_lines": []}, "BattleModifierParameters": {"executed_lines": [], "summary": {"covered_lines": 0, "num_statements": 0, "percent_covered": 100.0, "percent_covered_display": "100", "missing_lines": 0, "excluded_lines": 0}, "missing_lines": [], "excluded_lines": []}, "BattleOutcome": {"executed_lines": [], "summary": {"covered_lines": 0, "num_statements": 0, "percent_covered": 100.0, "percent_covered_display": "100", "missing_lines": 0, "excluded_lines": 0}, "missing_lines": [], "excluded_lines": []}, "BattleRollResults": {"executed_lines": [], "summary": {"covered_lines": 0, "num_statements": 0, "percent_covered": 100.0, "percent_covered_display": "100", "missing_lines": 0, "excluded_lines": 0}, "missing_lines": [], "excluded_lines": []}, "": {"executed_lines": [1, 7, 9, 12, 13, 14, 16, 17, 18, 19, 20, 21, 22, 25, 26, 27, 29, 30, 31, 32, 33, 34, 36, 37, 41, 42, 46, 47, 52, 53, 54, 56, 57, 58, 59, 60, 61, 62, 65, 66, 67, 69, 70, 71, 72, 73, 74, 77, 78, 79, 81, 82, 83, 84, 87, 88, 89, 91, 92], "summary": {"covered_lines": 52, "num_statements": 52, "percent_covered": 100.0, "percent_covered_display": "100", "missing_lines": 0, "excluded_lines": 0}, "missing_lines": [], "excluded_lines": []}}}, "src/cataphract/domain/morale.py": {"executed_lines": [1, 6, 7, 9, 10, 11, 14, 15, 17, 18, 19, 20, 21, 22, 23, 24, 25, 26, 27, 30, 40, 41, 42, 43, 46, 64, 65, 66, 68, 70, 72, 73, 75, 76, 77, 78, 79, 80, 81, 82, 84, 85, 87, 88, 89, 90, 92, 94, 96, 97, 99, 102, 104, 105, 108, 109, 110, 112, 113, 114, 115, 117, 118, 120, 121, 122, 123, 125, 127, 128, 129, 130, 131, 132, 135, 138, 139, 140, 142, 144, 145, 148, 149, 150, 152, 154, 155, 157, 158, 159, 160, 162, 164, 165, 167, 169, 171, 174, 176, 177, 180, 181, 182, 184, 187, 188, 189, 193, 194, 196, 198, 199, 200, 202, 204, 206, 208, 211, 214, 215, 216, 220, 221, 225, 226, 233, 234, 238, 241], "summary": {"covered_lines": 127, "num_statements": 133, "percent_covered": 95.48872180451127, "percent_covered_display": "95", "missing_lines": 6, "excluded_lines": 0}, "missing_lines": [136, 223, 228, 230, 235, 243], "excluded_lines": [], "functions": {"roll_morale_check": {"executed_lines": [40, 41, 42, 43], "summary": {"covered_lines": 4, "num_statements": 4, "percent_covered": 100.0, "percent_covered_display": "100", "missing_lines": 0, "excluded_lines": 0}, "missing_lines": [], "excluded_lines": []}, "apply_morale_consequence": {"executed_lines": [64, 65, 66, 68, 70, 72, 73, 75, 76, 77, 78, 79, 80, 81, 82, 84, 85, 87, 88, 89, 90, 92, 94, 96, 97, 99, 102, 104, 105, 108, 109, 110, 112, 113, 114, 115, 117, 118, 120, 121, 122, 123, 125, 127, 128, 129, 130, 131, 132, 135, 138, 139, 140, 142, 144, 145, 148, 149, 150, 152, 154, 155, 157, 158, 159, 160, 162, 164, 165, 167, 169, 171, 174, 176, 177, 180, 181, 182, 184, 187, 188, 189, 193, 194, 196, 198, 199, 200, 202, 204, 206, 208, 211, 214, 215, 216, 220, 221, 225, 226, 233, 234, 238], "summary": {"covered_lines": 103, "num_statements": 108, "percent_covered": 95.37037037037037, "percent_covered_display": "95", "missing_lines": 5, "excluded_lines": 0}, "missing_lines": [136, 223, 228, 230, 235], "excluded_lines": []}, "adjust_morale": {"executed_lines": [], "summary": {"covered_lines": 0, "num_statements": 1, "percent_covered": 0.0, "percent_covered_display": "0", "missing_lines": 1, "excluded_lines": 0}, "missing_lines": [243], "excluded_lines": []}, "": {"executed_lines": [1, 6, 7, 9, 10, 11, 14, 15, 17, 18, 19, 20, 21, 22, 23, 24, 25, 26, 27, 30, 46, 241], "summary": {"covered_lines": 20, "num_statements": 20, "percent_covered": 100.0, "percent_covered_display": "100", "missing_lines": 0, "excluded_lines": 0}, "missing_lines": [], "excluded_lines": []}}, "classes": {"MoraleConsequence": {"executed_lines": [], "summary": {"covered_lines": 0, "num_statements": 0, "percent_covered": 100.0, "percent_covered_display": "100", "missing_lines": 0, "excluded_lines": 0}, "missing_lines": [], "excluded_lines": []}, "": {"executed_lines": [1, 6, 7, 9, 10, 11, 14, 15, 17, 18, 19, 20, 21, 22, 23, 24, 25, 26, 27, 30, 40, 41, 42, 43, 46, 64, 65, 66, 68, 70, 72, 73, 75, 76, 77, 78, 79, 80, 81, 82, 84, 85, 87, 88, 89, 90, 92, 94, 96, 97, 99, 102, 104, 105, 108, 109, 110, 112, 113, 114, 115, 117, 118, 120, 121, 122, 123, 125, 127, 128, 129, 130, 131, 132, 135, 138, 139, 140, 142, 144, 145, 148, 149, 150, 152, 154, 155, 157, 158, 159, 160, 162, 164, 165, 167, 169, 171, 174, 176, 177, 180, 181, 182, 184, 187, 188, 189, 193, 194, 196, 198, 199, 200, 202, 204, 206, 208, 211, 214, 215, 216, 220, 221, 225, 226, 233, 234, 238, 241], "summary": {"covered_lines": 127, "num_statements": 133, "percent_covered": 95.48872180451127, "percent_covered_display": "95", "missing_lines": 6, "excluded_lines": 0}, "missing_lines": [136, 223, 228, 230, 235, 243], "excluded_lines": []}}}, "src/cataphract/domain/morale_data.py": {"executed_lines": [1, 7, 8, 9, 11, 14, 15, 17, 18, 19, 20, 21, 22, 23, 24, 25, 28, 29, 30, 32, 33, 34, 35, 38, 39, 40, 42, 43, 44, 47, 48, 49, 51, 52, 53, 54, 55, 56, 59, 60, 61, 63, 64, 65, 68, 69, 70, 72, 73, 74, 75, 76, 80], "summary": {"covered_lines": 46, "num_statements": 46, "percent_covered": 100.0, "percent_covered_display": "100", "missing_lines": 0, "excluded_lines": 0}, "missing_lines": [], "excluded_lines": [], "functions": {"": {"executed_lines": [1, 7, 8, 9, 11, 14, 15, 17, 18, 19, 20, 21, 22, 23, 24, 25, 28, 29, 30, 32, 33, 34, 35, 38, 39, 40, 42, 43, 44, 47, 48, 49, 51, 52, 53, 54, 55, 56, 59, 60, 61, 63, 64, 65, 68, 69, 70, 72, 73, 74, 75, 76, 80], "summary": {"covered_lines": 46, "num_statements": 46, "percent_covered": 100.0, "percent_covered_display": "100", "missing_lines": 0, "excluded_lines": 0}, "missing_lines": [], "excluded_lines": []}}, "classes": {"MoraleConsequenceType": {"executed_lines": [], "summary": {"covered_lines": 0, "num_statements": 0, "percent_covered": 100.0, "percent_covered_display": "100", "missing_lines": 0, "excluded_lines": 0}, "missing_lines": [], "excluded_lines": []}, "MoraleConsequenceResult": {"executed_lines": [], "summary": {"covered_lines": 0, "num_statements": 0, "percent_covered": 100.0, "percent_covered_display": "100", "missing_lines": 0, "excluded_lines": 0}, "missing_lines": [], "excluded_lines": []}, "ForageParameters": {"executed_lines": [], "summary": {"covered_lines": 0, "num_statements": 0, "percent_covered": 100.0, "percent_covered_display": "100", "missing_lines": 0, "excluded_lines": 0}, "missing_lines": [], "excluded_lines": []}, "ForageResult": {"executed_lines": [], "summary": {"covered_lines": 0, "num_statements": 0, "percent_covered": 100.0, "percent_covered_display": "100", "missing_lines": 0, "excluded_lines": 0}, "missing_lines": [], "excluded_lines": []}, "TorchParameters": {"executed_lines": [], "summary": {"covered_lines": 0, "num_statements": 0, "percent_covered": 100.0, "percent_covered_display": "100", "missing_lines": 0, "excluded_lines": 0}, "missing_lines": [], "excluded_lines": []}, "TorchResult": {"executed_lines": [], "summary": {"covered_lines": 0, "num_statements": 0, "percent_covered": 100.0, "percent_covered_display": "100", "missing_lines": 0, "excluded_lines": 0}, "missing_lines": [], "excluded_lines": []}, "": {"executed_lines": [1, 7, 8, 9, 11, 14, 15, 17, 18, 19, 20, 21, 22, 23, 24, 25, 28, 29, 30, 32, 33, 34, 35, 38, 39, 40, 42, 43, 44, 47, 48, 49, 51, 52, 53, 54, 55, 56, 59, 60, 61, 63, 64, 65, 68, 69, 70, 72, 73, 74, 75, 76, 80], "summary": {"covered_lines": 46, "num_statements": 46, "percent_covered": 100.0, "percent_covered_display": "100", "missing_lines": 0, "excluded_lines": 0}, "missing_lines": [], "excluded_lines": []}}}, "src/cataphract/domain/movement.py": {"executed_lines": [], "summary": {"covered_lines": 0, "num_statements": 46, "percent_covered": 0.0, "percent_covered_display": "0", "missing_lines": 46, "excluded_lines": 0}, "missing_lines": [6, 8, 13, 14, 17, 20, 21, 22, 23, 26, 48, 49, 56, 57, 58, 61, 62, 63, 65, 68, 69, 70, 77, 79, 82, 87, 88, 95, 96, 98, 99, 100, 101, 104, 105, 107, 110, 131, 132, 134, 136, 138, 139, 141, 142, 144], "excluded_lines": [], "functions": {"calculate_daily_movement_miles": {"executed_lines": [], "summary": {"covered_lines": 0, "num_statements": 14, "percent_covered": 0.0, "percent_covered_display": "0", "missing_lines": 14, "excluded_lines": 0}, "missing_lines": [48, 49, 56, 57, 58, 61, 62, 63, 65, 68, 69, 70, 77, 79], "excluded_lines": []}, "calculate_fording_delay": {"executed_lines": [], "summary": {"covered_lines": 0, "num_statements": 11, "percent_covered": 0.0, "percent_covered_display": "0", "missing_lines": 11, "excluded_lines": 0}, "missing_lines": [87, 88, 95, 96, 98, 99, 100, 101, 104, 105, 107], "excluded_lines": []}, "validate_movement_order": {"executed_lines": [], "summary": {"covered_lines": 0, "num_statements": 9, "percent_covered": 0.0, "percent_covered_display": "0", "missing_lines": 9, "excluded_lines": 0}, "missing_lines": [131, 132, 134, 136, 138, 139, 141, 142, 144], "excluded_lines": []}, "": {"executed_lines": [], "summary": {"covered_lines": 0, "num_statements": 12, "percent_covered": 0.0, "percent_covered_display": "0", "missing_lines": 12, "excluded_lines": 0}, "missing_lines": [6, 8, 13, 14, 17, 20, 21, 22, 23, 26, 82, 110], "excluded_lines": []}}, "classes": {"MovementType": {"executed_lines": [], "summary": {"covered_lines": 0, "num_statements": 0, "percent_covered": 100.0, "percent_covered_display": "100", "missing_lines": 0, "excluded_lines": 0}, "missing_lines": [], "excluded_lines": []}, "": {"executed_lines": [], "summary": {"covered_lines": 0, "num_statements": 46, "percent_covered": 0.0, "percent_covered_display": "0", "missing_lines": 46, "excluded_lines": 0}, "missing_lines": [6, 8, 13, 14, 17, 20, 21, 22, 23, 26, 48, 49, 56, 57, 58, 61, 62, 63, 65, 68, 69, 70, 77, 79, 82, 87, 88, 95, 96, 98, 99, 100, 101, 104, 105, 107, 110, 131, 132, 134, 136, 138, 139, 141, 142, 144], "excluded_lines": []}}}, "src/cataphract/domain/pathfinding.py": {"executed_lines": [1, 8, 9, 10, 12, 14, 15, 16, 17, 19, 23, 24, 27, 28, 29, 42, 43, 44, 45, 46, 47, 48, 49, 50, 51, 54, 55, 56, 62, 89, 90, 91, 93, 94, 97, 107, 108, 109, 110, 111, 112, 114, 115, 118, 123, 124, 125, 126, 130, 131, 133, 135, 137, 138, 140, 142, 143, 145, 148, 151, 152, 154, 155, 158, 160, 162, 163, 165, 166, 168, 169, 172, 173, 174, 175, 176, 177, 178, 179, 182, 183, 186, 188, 190, 192, 193, 196, 197, 198, 203, 206, 207, 208, 209, 210, 211, 213, 214, 215, 218, 219, 221, 228, 230, 231, 232, 234, 238, 239, 240, 241, 243, 248, 251, 253, 254, 256, 269, 270, 273, 274, 276, 277, 280, 281, 283, 284, 285, 286, 288, 289, 292, 304, 311, 312, 314, 315, 316, 319, 322, 337, 339, 349, 352, 367, 369, 370, 373, 374, 375, 378, 379, 380, 382, 385, 396, 398, 399, 401, 402, 403, 408, 411, 412, 414, 416, 418], "summary": {"covered_lines": 163, "num_statements": 168, "percent_covered": 97.02380952380952, "percent_covered_display": "97", "missing_lines": 5, "excluded_lines": 2}, "missing_lines": [146, 226, 244, 246, 409], "excluded_lines": [19, 20], "functions": {"find_route": {"executed_lines": [89, 90, 91, 93, 94, 97, 107, 108, 109, 110, 111, 112, 114, 115, 118, 123, 124, 125, 126, 130, 131, 133, 135, 137, 138, 140, 142, 143, 145, 148, 151, 152, 154, 155, 158, 160, 162, 163, 165, 166, 168, 169, 172, 173, 174, 175, 176, 177, 178, 179, 182, 183, 186, 188, 190, 192, 193, 196, 197, 198, 203, 206, 207, 208, 209, 210, 211, 213, 214, 215, 218, 219, 221, 228, 230, 231, 232, 234, 238, 239, 240, 241, 243, 248, 251, 253, 254, 256, 269, 270, 273, 274, 276, 277, 280, 281, 283, 284, 285, 286, 288, 289], "summary": {"covered_lines": 102, "num_statements": 106, "percent_covered": 96.22641509433963, "percent_covered_display": "96", "missing_lines": 4, "excluded_lines": 0}, "missing_lines": [146, 226, 244, 246], "excluded_lines": []}, "calculate_ford_delay": {"executed_lines": [304, 311, 312, 314, 315, 316, 319], "summary": {"covered_lines": 7, "num_statements": 7, "percent_covered": 100.0, "percent_covered_display": "100", "missing_lines": 0, "excluded_lines": 0}, "missing_lines": [], "excluded_lines": []}, "requires_river_crossing": {"executed_lines": [337, 339, 349], "summary": {"covered_lines": 3, "num_statements": 3, "percent_covered": 100.0, "percent_covered_display": "100", "missing_lines": 0, "excluded_lines": 0}, "missing_lines": [], "excluded_lines": []}, "can_army_travel_route": {"executed_lines": [367, 369, 370, 373, 374, 375, 378, 379, 380, 382], "summary": {"covered_lines": 10, "num_statements": 10, "percent_covered": 100.0, "percent_covered_display": "100", "missing_lines": 0, "excluded_lines": 0}, "missing_lines": [], "excluded_lines": []}, "calculate_total_travel_time": {"executed_lines": [396, 398, 399, 401, 402, 403, 408, 411, 412, 414, 416, 418], "summary": {"covered_lines": 12, "num_statements": 13, "percent_covered": 92.3076923076923, "percent_covered_display": "92", "missing_lines": 1, "excluded_lines": 0}, "missing_lines": [409], "excluded_lines": []}, "": {"executed_lines": [1, 8, 9, 10, 12, 14, 15, 16, 17, 19, 23, 24, 27, 28, 29, 42, 43, 44, 45, 46, 47, 48, 49, 50, 51, 54, 55, 56, 62, 292, 322, 352, 385], "summary": {"covered_lines": 29, "num_statements": 29, "percent_covered": 100.0, "percent_covered_display": "100", "missing_lines": 0, "excluded_lines": 2}, "missing_lines": [], "excluded_lines": [19, 20]}}, "classes": {"NoPathError": {"executed_lines": [], "summary": {"covered_lines": 0, "num_statements": 0, "percent_covered": 100.0, "percent_covered_display": "100", "missing_lines": 0, "excluded_lines": 0}, "missing_lines": [], "excluded_lines": []}, "MovementLeg": {"executed_lines": [], "summary": {"covered_lines": 0, "num_statements": 0, "percent_covered": 100.0, "percent_covered_display": "100", "missing_lines": 0, "excluded_lines": 0}, "missing_lines": [], "excluded_lines": []}, "": {"executed_lines": [1, 8, 9, 10, 12, 14, 15, 16, 17, 19, 23, 24, 27, 28, 29, 42, 43, 44, 45, 46, 47, 48, 49, 50, 51, 54, 55, 56, 62, 89, 90, 91, 93, 94, 97, 107, 108, 109, 110, 111, 112, 114, 115, 118, 123, 124, 125, 126, 130, 131, 133, 135, 137, 138, 140, 142, 143, 145, 148, 151, 152, 154, 155, 158, 160, 162, 163, 165, 166, 168, 169, 172, 173, 174, 175, 176, 177, 178, 179, 182, 183, 186, 188, 190, 192, 193, 196, 197, 198, 203, 206, 207, 208, 209, 210, 211, 213, 214, 215, 218, 219, 221, 228, 230, 231, 232, 234, 238, 239, 240, 241, 243, 248, 251, 253, 254, 256, 269, 270, 273, 274, 276, 277, 280, 281, 283, 284, 285, 286, 288, 289, 292, 304, 311, 312, 314, 315, 316, 319, 322, 337, 339, 349, 352, 367, 369, 370, 373, 374, 375, 378, 379, 380, 382, 385, 396, 398, 399, 401, 402, 403, 408, 411, 412, 414, 416, 418], "summary": {"covered_lines": 163, "num_statements": 168, "percent_covered": 97.02380952380952, "percent_covered_display": "97", "missing_lines": 5, "excluded_lines": 2}, "missing_lines": [146, 226, 244, 246, 409], "excluded_lines": [19, 20]}}}, "src/cataphract/domain/supply.py": {"executed_lines": [1, 7, 9, 10, 12, 15, 17, 20, 22, 25, 27, 30, 36, 37, 38, 41, 42, 45, 46, 48, 51, 58, 59, 60, 61, 62, 63, 66, 67, 68, 70, 73, 74, 75, 78, 79, 81, 84, 89, 90, 91, 92, 93, 95, 96, 97, 99, 102, 107, 112, 125, 128, 129, 130, 131, 132, 135, 136, 137, 140, 143, 144, 145, 147, 150, 152, 155, 158, 161, 162, 163, 167, 168, 171, 174, 175, 176, 177], "summary": {"covered_lines": 77, "num_statements": 78, "percent_covered": 98.71794871794872, "percent_covered_display": "99", "missing_lines": 1, "excluded_lines": 0}, "missing_lines": [153], "excluded_lines": [], "functions": {"calculate_total_soldiers": {"executed_lines": [17], "summary": {"covered_lines": 1, "num_statements": 1, "percent_covered": 100.0, "percent_covered_display": "100", "missing_lines": 0, "excluded_lines": 0}, "missing_lines": [], "excluded_lines": []}, "calculate_total_cavalry": {"executed_lines": [22], "summary": {"covered_lines": 1, "num_statements": 1, "percent_covered": 100.0, "percent_covered_display": "100", "missing_lines": 0, "excluded_lines": 0}, "missing_lines": [], "excluded_lines": []}, "calculate_total_wagons": {"executed_lines": [27], "summary": {"covered_lines": 1, "num_statements": 1, "percent_covered": 100.0, "percent_covered_display": "100", "missing_lines": 0, "excluded_lines": 0}, "missing_lines": [], "excluded_lines": []}, "calculate_noncombatant_count": {"executed_lines": [36, 37, 38, 41, 42, 45, 46, 48], "summary": {"covered_lines": 8, "num_statements": 8, "percent_covered": 100.0, "percent_covered_display": "100", "missing_lines": 0, "excluded_lines": 0}, "missing_lines": [], "excluded_lines": []}, "calculate_supply_capacity": {"executed_lines": [58, 59, 60, 61, 62, 63, 66, 67, 68, 70, 73, 74, 75, 78, 79, 81], "summary": {"covered_lines": 16, "num_statements": 16, "percent_covered": 100.0, "percent_covered_display": "100", "missing_lines": 0, "excluded_lines": 0}, "missing_lines": [], "excluded_lines": []}, "calculate_daily_consumption": {"executed_lines": [89, 90, 91, 92, 93, 95, 96, 97, 99], "summary": {"covered_lines": 9, "num_statements": 9, "percent_covered": 100.0, "percent_covered_display": "100", "missing_lines": 0, "excluded_lines": 0}, "missing_lines": [], "excluded_lines": []}, "is_army_undersupplied": {"executed_lines": [107], "summary": {"covered_lines": 1, "num_statements": 1, "percent_covered": 100.0, "percent_covered_display": "100", "missing_lines": 0, "excluded_lines": 0}, "missing_lines": [], "excluded_lines": []}, "calculate_column_length": {"executed_lines": [125, 128, 129, 130, 131, 132, 135, 136, 137, 140, 143, 144, 145, 147], "summary": {"covered_lines": 14, "num_statements": 14, "percent_covered": 100.0, "percent_covered_display": "100", "missing_lines": 0, "excluded_lines": 0}, "missing_lines": [], "excluded_lines": []}, "_is_exclusive_skirmisher_army": {"executed_lines": [152, 155], "summary": {"covered_lines": 2, "num_statements": 3, "percent_covered": 66.66666666666667, "percent_covered_display": "67", "missing_lines": 1, "excluded_lines": 0}, "missing_lines": [153], "excluded_lines": []}, "_count_wizard_detachments": {"executed_lines": [161, 162, 163, 167, 168], "summary": {"covered_lines": 5, "num_statements": 5, "percent_covered": 100.0, "percent_covered_display": "100", "missing_lines": 0, "excluded_lines": 0}, "missing_lines": [], "excluded_lines": []}, "detachment_has_ability": {"executed_lines": [174, 175, 176, 177], "summary": {"covered_lines": 4, "num_statements": 4, "percent_covered": 100.0, "percent_covered_display": "100", "missing_lines": 0, "excluded_lines": 0}, "missing_lines": [], "excluded_lines": []}, "": {"executed_lines": [1, 7, 9, 10, 12, 15, 20, 25, 30, 51, 84, 102, 112, 150, 158, 171], "summary": {"covered_lines": 15, "num_statements": 15, "percent_covered": 100.0, "percent_covered_display": "100", "missing_lines": 0, "excluded_lines": 0}, "missing_lines": [], "excluded_lines": []}}, "classes": {"": {"executed_lines": [1, 7, 9, 10, 12, 15, 17, 20, 22, 25, 27, 30, 36, 37, 38, 41, 42, 45, 46, 48, 51, 58, 59, 60, 61, 62, 63, 66, 67, 68, 70, 73, 74, 75, 78, 79, 81, 84, 89, 90, 91, 92, 93, 95, 96, 97, 99, 102, 107, 112, 125, 128, 129, 130, 131, 132, 135, 136, 137, 140, 143, 144, 145, 147, 150, 152, 155, 158, 161, 162, 163, 167, 168, 171, 174, 175, 176, 177], "summary": {"covered_lines": 77, "num_statements": 78, "percent_covered": 98.71794871794872, "percent_covered_display": "99", "missing_lines": 1, "excluded_lines": 0}, "missing_lines": [153], "excluded_lines": []}}}, "src/cataphract/domain/visibility.py": {"executed_lines": [1, 6, 7, 8, 9, 12, 31, 32, 37, 40, 41, 45, 46, 48, 51, 52, 53, 55, 58, 71, 72, 74, 75, 76, 78], "summary": {"covered_lines": 24, "num_statements": 27, "percent_covered": 88.88888888888889, "percent_covered_display": "89", "missing_lines": 3, "excluded_lines": 0}, "missing_lines": [42, 47, 49], "excluded_lines": [], "functions": {"calculate_scouting_radius": {"executed_lines": [31, 32, 37, 40, 41, 45, 46, 48, 51, 52, 53, 55], "summary": {"covered_lines": 12, "num_statements": 15, "percent_covered": 80.0, "percent_covered_display": "80", "missing_lines": 3, "excluded_lines": 0}, "missing_lines": [42, 47, 49], "excluded_lines": []}, "get_visible_hexes": {"executed_lines": [71, 72, 74, 75, 76, 78], "summary": {"covered_lines": 6, "num_statements": 6, "percent_covered": 100.0, "percent_covered_display": "100", "missing_lines": 0, "excluded_lines": 0}, "missing_lines": [], "excluded_lines": []}, "": {"executed_lines": [1, 6, 7, 8, 9, 12, 58], "summary": {"covered_lines": 6, "num_statements": 6, "percent_covered": 100.0, "percent_covered_display": "100", "missing_lines": 0, "excluded_lines": 0}, "missing_lines": [], "excluded_lines": []}}, "classes": {"": {"executed_lines": [1, 6, 7, 8, 9, 12, 31, 32, 37, 40, 41, 45, 46, 48, 51, 52, 53, 55, 58, 71, 72, 74, 75, 76, 78], "summary": {"covered_lines": 24, "num_statements": 27, "percent_covered": 88.88888888888889, "percent_covered_display": "89", "missing_lines": 3, "excluded_lines": 0}, "missing_lines": [42, 47, 49], "excluded_lines": []}}}, "src/cataphract/factory.py": {"executed_lines": [1, 25, 27, 28, 29, 30, 31, 32, 33, 36, 45, 48, 57, 58, 61, 74, 86, 98, 112, 124], "summary": {"covered_lines": 19, "num_statements": 28, "percent_covered": 67.85714285714286, "percent_covered_display": "68", "missing_lines": 9, "excluded_lines": 0}, "missing_lines": [70, 71, 83, 95, 107, 108, 109, 121, 140], "excluded_lines": [], "functions": {"create_visibility_service": {"executed_lines": [45], "summary": {"covered_lines": 1, "num_statements": 1, "percent_covered": 100.0, "percent_covered_display": "100", "missing_lines": 0, "excluded_lines": 0}, "missing_lines": [], "excluded_lines": []}, "create_supply_service": {"executed_lines": [57, 58], "summary": {"covered_lines": 2, "num_statements": 2, "percent_covered": 100.0, "percent_covered_display": "100", "missing_lines": 0, "excluded_lines": 0}, "missing_lines": [], "excluded_lines": []}, "create_harrying_service": {"executed_lines": [], "summary": {"covered_lines": 0, "num_statements": 2, "percent_covered": 0.0, "percent_covered_display": "0", "missing_lines": 2, "excluded_lines": 0}, "missing_lines": [70, 71], "excluded_lines": []}, "create_battle_service": {"executed_lines": [], "summary": {"covered_lines": 0, "num_statements": 1, "percent_covered": 0.0, "percent_covered_display": "0", "missing_lines": 1, "excluded_lines": 0}, "missing_lines": [83], "excluded_lines": []}, "create_morale_service": {"executed_lines": [], "summary": {"covered_lines": 0, "num_statements": 1, "percent_covered": 0.0, "percent_covered_display": "0", "missing_lines": 1, "excluded_lines": 0}, "missing_lines": [95], "excluded_lines": []}, "create_siege_service": {"executed_lines": [], "summary": {"covered_lines": 0, "num_statements": 3, "percent_covered": 0.0, "percent_covered_display": "0", "missing_lines": 3, "excluded_lines": 0}, "missing_lines": [107, 108, 109], "excluded_lines": []}, "create_movement_service": {"executed_lines": [], "summary": {"covered_lines": 0, "num_statements": 1, "percent_covered": 0.0, "percent_covered_display": "0", "missing_lines": 1, "excluded_lines": 0}, "missing_lines": [121], "excluded_lines": []}, "create_all_services": {"executed_lines": [], "summary": {"covered_lines": 0, "num_statements": 1, "percent_covered": 0.0, "percent_covered_display": "0", "missing_lines": 1, "excluded_lines": 0}, "missing_lines": [140], "excluded_lines": []}, "": {"executed_lines": [1, 25, 27, 28, 29, 30, 31, 32, 33, 36, 48, 61, 74, 86, 98, 112, 124], "summary": {"covered_lines": 16, "num_statements": 16, "percent_covered": 100.0, "percent_covered_display": "100", "missing_lines": 0, "excluded_lines": 0}, "missing_lines": [], "excluded_lines": []}}, "classes": {"": {"executed_lines": [1, 25, 27, 28, 29, 30, 31, 32, 33, 36, 45, 48, 57, 58, 61, 74, 86, 98, 112, 124], "summary": {"covered_lines": 19, "num_statements": 28, "percent_covered": 67.85714285714286, "percent_covered_display": "68", "missing_lines": 9, "excluded_lines": 0}, "missing_lines": [70, 71, 83, 95, 107, 108, 109, 121, 140], "excluded_lines": []}}}, "src/cataphract/interfaces/__init__.py": {"executed_lines": [1, 7, 8, 9, 10, 11, 12, 14], "summary": {"covered_lines": 7, "num_statements": 7, "percent_covered": 100.0, "percent_covered_display": "100", "missing_lines": 0, "excluded_lines": 0}, "missing_lines": [], "excluded_lines": [], "functions": {"": {"executed_lines": [1, 7, 8, 9, 10, 11, 12, 14], "summary": {"covered_lines": 7, "num_statements": 7, "percent_covered": 100.0, "percent_covered_display": "100", "missing_lines": 0, "excluded_lines": 0}, "missing_lines": [], "excluded_lines": []}}, "classes": {"": {"executed_lines": [1, 7, 8, 9, 10, 11, 12, 14], "summary": {"covered_lines": 7, "num_statements": 7, "percent_covered": 100.0, "percent_covered_display": "100", "missing_lines": 0, "excluded_lines": 0}, "missing_lines": [], "excluded_lines": []}}}, "src/cataphract/interfaces/battle.py": {"executed_lines": [1, 7, 9, 10, 13, 14, 20, 31], "summary": {"covered_lines": 6, "num_statements": 8, "percent_covered": 75.0, "percent_covered_display": "75", "missing_lines": 2, "excluded_lines": 0}, "missing_lines": [29, 40], "excluded_lines": [], "functions": {"IBattleService.resolve_battle": {"executed_lines": [], "summary": {"covered_lines": 0, "num_statements": 1, "percent_covered": 0.0, "percent_covered_display": "0", "missing_lines": 1, "excluded_lines": 0}, "missing_lines": [29], "excluded_lines": []}, "IBattleService.calculate_battle_modifier": {"executed_lines": [], "summary": {"covered_lines": 0, "num_statements": 1, "percent_covered": 0.0, "percent_covered_display": "0", "missing_lines": 1, "excluded_lines": 0}, "missing_lines": [40], "excluded_lines": []}, "": {"executed_lines": [1, 7, 9, 10, 13, 14, 20, 31], "summary": {"covered_lines": 6, "num_statements": 6, "percent_covered": 100.0, "percent_covered_display": "100", "missing_lines": 0, "excluded_lines": 0}, "missing_lines": [], "excluded_lines": []}}, "classes": {"IBattleService": {"executed_lines": [], "summary": {"covered_lines": 0, "num_statements": 2, "percent_covered": 0.0, "percent_covered_display": "0", "missing_lines": 2, "excluded_lines": 0}, "missing_lines": [29, 40], "excluded_lines": []}, "": {"executed_lines": [1, 7, 9, 10, 13, 14, 20, 31], "summary": {"covered_lines": 6, "num_statements": 6, "percent_covered": 100.0, "percent_covered_display": "100", "missing_lines": 0, "excluded_lines": 0}, "missing_lines": [], "excluded_lines": []}}}, "src/cataphract/interfaces/morale.py": {"executed_lines": [1, 7, 9, 12, 13, 19, 33, 45, 60], "summary": {"covered_lines": 7, "num_statements": 11, "percent_covered": 63.63636363636363, "percent_covered_display": "64", "missing_lines": 4, "excluded_lines": 0}, "missing_lines": [31, 43, 58, 67], "excluded_lines": [], "functions": {"IMoraleService.check_morale": {"executed_lines": [], "summary": {"covered_lines": 0, "num_statements": 1, "percent_covered": 0.0, "percent_covered_display": "0", "missing_lines": 1, "excluded_lines": 0}, "missing_lines": [31], "excluded_lines": []}, "IMoraleService.apply_consequence": {"executed_lines": [], "summary": {"covered_lines": 0, "num_statements": 1, "percent_covered": 0.0, "percent_covered_display": "0", "missing_lines": 1, "excluded_lines": 0}, "missing_lines": [43], "excluded_lines": []}, "IMoraleService.handle_army_rout": {"executed_lines": [], "summary": {"covered_lines": 0, "num_statements": 1, "percent_covered": 0.0, "percent_covered_display": "0", "missing_lines": 1, "excluded_lines": 0}, "missing_lines": [58], "excluded_lines": []}, "IMoraleService.update_army_morale": {"executed_lines": [], "summary": {"covered_lines": 0, "num_statements": 1, "percent_covered": 0.0, "percent_covered_display": "0", "missing_lines": 1, "excluded_lines": 0}, "missing_lines": [67], "excluded_lines": []}, "": {"executed_lines": [1, 7, 9, 12, 13, 19, 33, 45, 60], "summary": {"covered_lines": 7, "num_statements": 7, "percent_covered": 100.0, "percent_covered_display": "100", "missing_lines": 0, "excluded_lines": 0}, "missing_lines": [], "excluded_lines": []}}, "classes": {"IMoraleService": {"executed_lines": [], "summary": {"covered_lines": 0, "num_statements": 4, "percent_covered": 0.0, "percent_covered_display": "0", "missing_lines": 4, "excluded_lines": 0}, "missing_lines": [31, 43, 58, 67], "excluded_lines": []}, "": {"executed_lines": [1, 7, 9, 12, 13, 19, 33, 45, 60], "summary": {"covered_lines": 7, "num_statements": 7, "percent_covered": 100.0, "percent_covered_display": "100", "missing_lines": 0, "excluded_lines": 0}, "missing_lines": [], "excluded_lines": []}}}, "src/cataphract/interfaces/movement.py": {"executed_lines": [1, 7, 9, 12, 13, 19, 44], "summary": {"covered_lines": 5, "num_statements": 7, "percent_covered": 71.42857142857143, "percent_covered_display": "71", "missing_lines": 2, "excluded_lines": 0}, "missing_lines": [42, 58], "excluded_lines": [], "functions": {"IMovementService.execute_movement": {"executed_lines": [], "summary": {"covered_lines": 0, "num_statements": 1, "percent_covered": 0.0, "percent_covered_display": "0", "missing_lines": 1, "excluded_lines": 0}, "missing_lines": [42], "excluded_lines": []}, "IMovementService.calculate_movement_cost": {"executed_lines": [], "summary": {"covered_lines": 0, "num_statements": 1, "percent_covered": 0.0, "percent_covered_display": "0", "missing_lines": 1, "excluded_lines": 0}, "missing_lines": [58], "excluded_lines": []}, "": {"executed_lines": [1, 7, 9, 12, 13, 19, 44], "summary": {"covered_lines": 5, "num_statements": 5, "percent_covered": 100.0, "percent_covered_display": "100", "missing_lines": 0, "excluded_lines": 0}, "missing_lines": [], "excluded_lines": []}}, "classes": {"IMovementService": {"executed_lines": [], "summary": {"covered_lines": 0, "num_statements": 2, "percent_covered": 0.0, "percent_covered_display": "0", "missing_lines": 2, "excluded_lines": 0}, "missing_lines": [42, 58], "excluded_lines": []}, "": {"executed_lines": [1, 7, 9, 12, 13, 19, 44], "summary": {"covered_lines": 5, "num_statements": 5, "percent_covered": 100.0, "percent_covered_display": "100", "missing_lines": 0, "excluded_lines": 0}, "missing_lines": [], "excluded_lines": []}}}, "src/cataphract/interfaces/siege.py": {"executed_lines": [1, 7, 9, 12, 13, 19], "summary": {"covered_lines": 4, "num_statements": 5, "percent_covered": 80.0, "percent_covered_display": "80", "missing_lines": 1, "excluded_lines": 0}, "missing_lines": [36], "excluded_lines": [], "functions": {"ISiegeService.launch_assault": {"executed_lines": [], "summary": {"covered_lines": 0, "num_statements": 1, "percent_covered": 0.0, "percent_covered_display": "0", "missing_lines": 1, "excluded_lines": 0}, "missing_lines": [36], "excluded_lines": []}, "": {"executed_lines": [1, 7, 9, 12, 13, 19], "summary": {"covered_lines": 4, "num_statements": 4, "percent_covered": 100.0, "percent_covered_display": "100", "missing_lines": 0, "excluded_lines": 0}, "missing_lines": [], "excluded_lines": []}}, "classes": {"ISiegeService": {"executed_lines": [], "summary": {"covered_lines": 0, "num_statements": 1, "percent_covered": 0.0, "percent_covered_display": "0", "missing_lines": 1, "excluded_lines": 0}, "missing_lines": [36], "excluded_lines": []}, "": {"executed_lines": [1, 7, 9, 12, 13, 19], "summary": {"covered_lines": 4, "num_statements": 4, "percent_covered": 100.0, "percent_covered_display": "100", "missing_lines": 0, "excluded_lines": 0}, "missing_lines": [], "excluded_lines": []}}}, "src/cataphract/interfaces/supply.py": {"executed_lines": [1, 7, 9, 12, 13, 19, 34, 52], "summary": {"covered_lines": 6, "num_statements": 9, "percent_covered": 66.66666666666667, "percent_covered_display": "67", "missing_lines": 3, "excluded_lines": 0}, "missing_lines": [32, 50, 67], "excluded_lines": [], "functions": {"ISupplyService.consume_supplies": {"executed_lines": [], "summary": {"covered_lines": 0, "num_statements": 1, "percent_covered": 0.0, "percent_covered_display": "0", "missing_lines": 1, "excluded_lines": 0}, "missing_lines": [32], "excluded_lines": []}, "ISupplyService.forage": {"executed_lines": [], "summary": {"covered_lines": 0, "num_statements": 1, "percent_covered": 0.0, "percent_covered_display": "0", "missing_lines": 1, "excluded_lines": 0}, "missing_lines": [50], "excluded_lines": []}, "ISupplyService.torch": {"executed_lines": [], "summary": {"covered_lines": 0, "num_statements": 1, "percent_covered": 0.0, "percent_covered_display": "0", "missing_lines": 1, "excluded_lines": 0}, "missing_lines": [67], "excluded_lines": []}, "": {"executed_lines": [1, 7, 9, 12, 13, 19, 34, 52], "summary": {"covered_lines": 6, "num_statements": 6, "percent_covered": 100.0, "percent_covered_display": "100", "missing_lines": 0, "excluded_lines": 0}, "missing_lines": [], "excluded_lines": []}}, "classes": {"ISupplyService": {"executed_lines": [], "summary": {"covered_lines": 0, "num_statements": 3, "percent_covered": 0.0, "percent_covered_display": "0", "missing_lines": 3, "excluded_lines": 0}, "missing_lines": [32, 50, 67], "excluded_lines": []}, "": {"executed_lines": [1, 7, 9, 12, 13, 19, 34, 52], "summary": {"covered_lines": 6, "num_statements": 6, "percent_covered": 100.0, "percent_covered_display": "100", "missing_lines": 0, "excluded_lines": 0}, "missing_lines": [], "excluded_lines": []}}}, "src/cataphract/interfaces/visibility.py": {"executed_lines": [1, 7, 9, 12, 13, 19, 37, 52, 67], "summary": {"covered_lines": 7, "num_statements": 11, "percent_covered": 63.63636363636363, "percent_covered_display": "64", "missing_lines": 4, "excluded_lines": 0}, "missing_lines": [35, 50, 65, 77], "excluded_lines": [], "functions": {"IVisibilityService.calculate_scouting_radius": {"executed_lines": [], "summary": {"covered_lines": 0, "num_statements": 1, "percent_covered": 0.0, "percent_covered_display": "0", "missing_lines": 1, "excluded_lines": 0}, "missing_lines": [35], "excluded_lines": []}, "IVisibilityService.get_visible_hexes": {"executed_lines": [], "summary": {"covered_lines": 0, "num_statements": 1, "percent_covered": 0.0, "percent_covered_display": "0", "missing_lines": 1, "excluded_lines": 0}, "missing_lines": [50], "excluded_lines": []}, "IVisibilityService.get_visible_armies": {"executed_lines": [], "summary": {"covered_lines": 0, "num_statements": 1, "percent_covered": 0.0, "percent_covered_display": "0", "missing_lines": 1, "excluded_lines": 0}, "missing_lines": [65], "excluded_lines": []}, "IVisibilityService.get_scouting_range_for_army": {"executed_lines": [], "summary": {"covered_lines": 0, "num_statements": 1, "percent_covered": 0.0, "percent_covered_display": "0", "missing_lines": 1, "excluded_lines": 0}, "missing_lines": [77], "excluded_lines": []}, "": {"executed_lines": [1, 7, 9, 12, 13, 19, 37, 52, 67], "summary": {"covered_lines": 7, "num_statements": 7, "percent_covered": 100.0, "percent_covered_display": "100", "missing_lines": 0, "excluded_lines": 0}, "missing_lines": [], "excluded_lines": []}}, "classes": {"IVisibilityService": {"executed_lines": [], "summary": {"covered_lines": 0, "num_statements": 4, "percent_covered": 0.0, "percent_covered_display": "0", "missing_lines": 4, "excluded_lines": 0}, "missing_lines": [35, 50, 65, 77], "excluded_lines": []}, "": {"executed_lines": [1, 7, 9, 12, 13, 19, 37, 52, 67], "summary": {"covered_lines": 7, "num_statements": 7, "percent_covered": 100.0, "percent_covered_display": "100", "missing_lines": 0, "excluded_lines": 0}, "missing_lines": [], "excluded_lines": []}}}, "src/cataphract/jobs/__init__.py": {"executed_lines": [], "summary": {"covered_lines": 0, "num_statements": 0, "percent_covered": 100.0, "percent_covered_display": "100", "missing_lines": 0, "excluded_lines": 0}, "missing_lines": [], "excluded_lines": [], "functions": {"": {"executed_lines": [], "summary": {"covered_lines": 0, "num_statements": 0, "percent_covered": 100.0, "percent_covered_display": "100", "missing_lines": 0, "excluded_lines": 0}, "missing_lines": [], "excluded_lines": []}}, "classes": {"": {"executed_lines": [], "summary": {"covered_lines": 0, "num_statements": 0, "percent_covered": 100.0, "percent_covered_display": "100", "missing_lines": 0, "excluded_lines": 0}, "missing_lines": [], "excluded_lines": []}}}, "src/cataphract/models/__init__.py": {"executed_lines": [1, 9, 10, 13, 16, 19, 22, 25, 28, 31, 34, 37, 40, 43, 46, 49, 52, 55, 58, 61, 63], "summary": {"covered_lines": 20, "num_statements": 20, "percent_covered": 100.0, "percent_covered_display": "100", "missing_lines": 0, "excluded_lines": 0}, "missing_lines": [], "excluded_lines": [], "functions": {"": {"executed_lines": [1, 9, 10, 13, 16, 19, 22, 25, 28, 31, 34, 37, 40, 43, 46, 49, 52, 55, 58, 61, 63], "summary": {"covered_lines": 20, "num_statements": 20, "percent_covered": 100.0, "percent_covered_display": "100", "missing_lines": 0, "excluded_lines": 0}, "missing_lines": [], "excluded_lines": []}}, "classes": {"": {"executed_lines": [1, 9, 10, 13, 16, 19, 22, 25, 28, 31, 34, 37, 40, 43, 46, 49, 52, 55, 58, 61, 63], "summary": {"covered_lines": 20, "num_statements": 20, "percent_covered": 100.0, "percent_covered_display": "100", "missing_lines": 0, "excluded_lines": 0}, "missing_lines": [], "excluded_lines": []}}}, "src/cataphract/models/army.py": {"executed_lines": [1, 10, 12, 22, 24, 26, 34, 35, 69, 72, 75, 76, 77, 78, 81, 86, 87, 88, 89, 90, 91, 92, 93, 96, 97, 98, 99, 100, 101, 102, 103, 104, 105, 106, 109, 110, 111, 116, 119, 120, 123, 126, 129, 140, 143, 144, 149, 154, 155, 171, 174, 177, 178, 179, 180, 181, 182, 183, 186, 189, 197, 201, 202, 221, 224, 227, 228, 231, 232, 233, 234, 239, 240, 241, 242, 245, 246, 249, 254, 255, 272, 273, 277, 279, 283, 284, 309, 312, 315, 320, 321, 322, 325, 326, 327, 328, 329, 330, 331, 332, 333, 334, 335, 336, 339, 340, 341, 342, 345, 369], "summary": {"covered_lines": 100, "num_statements": 100, "percent_covered": 100.0, "percent_covered_display": "100", "missing_lines": 0, "excluded_lines": 14}, "missing_lines": [], "excluded_lines": [26, 27, 28, 29, 30, 31, 140, 141, 197, 198, 279, 280, 369, 370], "functions": {"Army.__repr__": {"executed_lines": [], "summary": {"covered_lines": 0, "num_statements": 0, "percent_covered": 100.0, "percent_covered_display": "100", "missing_lines": 0, "excluded_lines": 1}, "missing_lines": [], "excluded_lines": [141]}, "Army.is_undersupplied": {"executed_lines": [149], "summary": {"covered_lines": 1, "num_statements": 1, "percent_covered": 100.0, "percent_covered_display": "100", "missing_lines": 0, "excluded_lines": 0}, "missing_lines": [], "excluded_lines": []}, "UnitType.__repr__": {"executed_lines": [], "summary": {"covered_lines": 0, "num_statements": 0, "percent_covered": 100.0, "percent_covered_display": "100", "missing_lines": 0, "excluded_lines": 1}, "missing_lines": [], "excluded_lines": [198]}, "Detachment.validate_engine_count": {"executed_lines": [272, 273, 277], "summary": {"covered_lines": 3, "num_statements": 3, "percent_covered": 100.0, "percent_covered_display": "100", "missing_lines": 0, "excluded_lines": 0}, "missing_lines": [], "excluded_lines": []}, "Detachment.__repr__": {"executed_lines": [], "summary": {"covered_lines": 0, "num_statements": 0, "percent_covered": 100.0, "percent_covered_display": "100", "missing_lines": 0, "excluded_lines": 1}, "missing_lines": [], "excluded_lines": [280]}, "MovementLeg.__repr__": {"executed_lines": [], "summary": {"covered_lines": 0, "num_statements": 0, "percent_covered": 100.0, "percent_covered_display": "100", "missing_lines": 0, "excluded_lines": 1}, "missing_lines": [], "excluded_lines": [370]}, "": {"executed_lines": [1, 10, 12, 22, 24, 26, 34, 35, 69, 72, 75, 76, 77, 78, 81, 86, 87, 88, 89, 90, 91, 92, 93, 96, 97, 98, 99, 100, 101, 102, 103, 104, 105, 106, 109, 110, 111, 116, 119, 120, 123, 126, 129, 140, 143, 144, 154, 155, 171, 174, 177, 178, 179, 180, 181, 182, 183, 186, 189, 197, 201, 202, 221, 224, 227, 228, 231, 232, 233, 234, 239, 240, 241, 242, 245, 246, 249, 254, 255, 279, 283, 284, 309, 312, 315, 320, 321, 322, 325, 326, 327, 328, 329, 330, 331, 332, 333, 334, 335, 336, 339, 340, 341, 342, 345, 369], "summary": {"covered_lines": 96, "num_statements": 96, "percent_covered": 100.0, "percent_covered_display": "100", "missing_lines": 0, "excluded_lines": 10}, "missing_lines": [], "excluded_lines": [26, 27, 28, 29, 30, 31, 140, 197, 279, 369]}}, "classes": {"Army": {"executed_lines": [149], "summary": {"covered_lines": 1, "num_statements": 1, "percent_covered": 100.0, "percent_covered_display": "100", "missing_lines": 0, "excluded_lines": 1}, "missing_lines": [], "excluded_lines": [141]}, "UnitType": {"executed_lines": [], "summary": {"covered_lines": 0, "num_statements": 0, "percent_covered": 100.0, "percent_covered_display": "100", "missing_lines": 0, "excluded_lines": 1}, "missing_lines": [], "excluded_lines": [198]}, "Detachment": {"executed_lines": [272, 273, 277], "summary": {"covered_lines": 3, "num_statements": 3, "percent_covered": 100.0, "percent_covered_display": "100", "missing_lines": 0, "excluded_lines": 1}, "missing_lines": [], "excluded_lines": [280]}, "MovementLeg": {"executed_lines": [], "summary": {"covered_lines": 0, "num_statements": 0, "percent_covered": 100.0, "percent_covered_display": "100", "missing_lines": 0, "excluded_lines": 1}, "missing_lines": [], "excluded_lines": [370]}, "": {"executed_lines": [1, 10, 12, 22, 24, 26, 34, 35, 69, 72, 75, 76, 77, 78, 81, 86, 87, 88, 89, 90, 91, 92, 93, 96, 97, 98, 99, 100, 101, 102, 103, 104, 105, 106, 109, 110, 111, 116, 119, 120, 123, 126, 129, 140, 143, 144, 154, 155, 171, 174, 177, 178, 179, 180, 181, 182, 183, 186, 189, 197, 201, 202, 221, 224, 227, 228, 231, 232, 233, 234, 239, 240, 241, 242, 245, 246, 249, 254, 255, 279, 283, 284, 309, 312, 315, 320, 321, 322, 325, 326, 327, 328, 329, 330, 331, 332, 333, 334, 335, 336, 339, 340, 341, 342, 345, 369], "summary": {"covered_lines": 96, "num_statements": 96, "percent_covered": 100.0, "percent_covered_display": "100", "missing_lines": 0, "excluded_lines": 10}, "missing_lines": [], "excluded_lines": [26, 27, 28, 29, 30, 31, 140, 197, 279, 369]}}}, "src/cataphract/models/base.py": {"executed_lines": [1, 7, 8, 10, 11, 14, 15, 21, 26, 27, 32, 38, 46, 47, 52, 59], "summary": {"covered_lines": 12, "num_statements": 13, "percent_covered": 92.3076923076923, "percent_covered_display": "92", "missing_lines": 1, "excluded_lines": 0}, "missing_lines": [65], "excluded_lines": [], "functions": {"utc_now": {"executed_lines": [], "summary": {"covered_lines": 0, "num_statements": 1, "percent_covered": 0.0, "percent_covered_display": "0", "missing_lines": 1, "excluded_lines": 0}, "missing_lines": [65], "excluded_lines": []}, "": {"executed_lines": [1, 7, 8, 10, 11, 14, 15, 21, 26, 27, 32, 38, 46, 47, 52, 59], "summary": {"covered_lines": 12, "num_statements": 12, "percent_covered": 100.0, "percent_covered_display": "100", "missing_lines": 0, "excluded_lines": 0}, "missing_lines": [], "excluded_lines": []}}, "classes": {"Base": {"executed_lines": [], "summary": {"covered_lines": 0, "num_statements": 0, "percent_covered": 100.0, "percent_covered_display": "100", "missing_lines": 0, "excluded_lines": 0}, "missing_lines": [], "excluded_lines": []}, "TimestampMixin": {"executed_lines": [], "summary": {"covered_lines": 0, "num_statements": 0, "percent_covered": 100.0, "percent_covered_display": "100", "missing_lines": 0, "excluded_lines": 0}, "missing_lines": [], "excluded_lines": []}, "TimestampCreatedMixin": {"executed_lines": [], "summary": {"covered_lines": 0, "num_statements": 0, "percent_covered": 100.0, "percent_covered_display": "100", "missing_lines": 0, "excluded_lines": 0}, "missing_lines": [], "excluded_lines": []}, "": {"executed_lines": [1, 7, 8, 10, 11, 14, 15, 21, 26, 27, 32, 38, 46, 47, 52, 59], "summary": {"covered_lines": 12, "num_statements": 13, "percent_covered": 92.3076923076923, "percent_covered_display": "92", "missing_lines": 1, "excluded_lines": 0}, "missing_lines": [65], "excluded_lines": []}}}, "src/cataphract/models/battle.py": {"executed_lines": [1, 7, 9, 17, 19, 21, 27, 28, 53, 56, 59, 60, 61, 64, 65, 66, 67, 68, 69, 70, 71, 72, 73, 74, 75, 76, 79, 80, 81, 84, 91], "summary": {"covered_lines": 27, "num_statements": 27, "percent_covered": 100.0, "percent_covered_display": "100", "missing_lines": 0, "excluded_lines": 6}, "missing_lines": [], "excluded_lines": [21, 22, 23, 24, 91, 92], "functions": {"Battle.__repr__": {"executed_lines": [], "summary": {"covered_lines": 0, "num_statements": 0, "percent_covered": 100.0, "percent_covered_display": "100", "missing_lines": 0, "excluded_lines": 1}, "missing_lines": [], "excluded_lines": [92]}, "": {"executed_lines": [1, 7, 9, 17, 19, 21, 27, 28, 53, 56, 59, 60, 61, 64, 65, 66, 67, 68, 69, 70, 71, 72, 73, 74, 75, 76, 79, 80, 81, 84, 91], "summary": {"covered_lines": 27, "num_statements": 27, "percent_covered": 100.0, "percent_covered_display": "100", "missing_lines": 0, "excluded_lines": 5}, "missing_lines": [], "excluded_lines": [21, 22, 23, 24, 91]}}, "classes": {"Battle": {"executed_lines": [], "summary": {"covered_lines": 0, "num_statements": 0, "percent_covered": 100.0, "percent_covered_display": "100", "missing_lines": 0, "excluded_lines": 1}, "missing_lines": [], "excluded_lines": [92]}, "": {"executed_lines": [1, 7, 9, 17, 19, 21, 27, 28, 53, 56, 59, 60, 61, 64, 65, 66, 67, 68, 69, 70, 71, 72, 73, 74, 75, 76, 79, 80, 81, 84, 91], "summary": {"covered_lines": 27, "num_statements": 27, "percent_covered": 100.0, "percent_covered_display": "100", "missing_lines": 0, "excluded_lines": 5}, "missing_lines": [], "excluded_lines": [21, 22, 23, 24, 91]}}}, "src/cataphract/models/commander.py": {"executed_lines": [1, 9, 11, 20, 22, 24, 33, 34, 54, 57, 60, 61, 62, 63, 66, 69, 74, 75, 76, 77, 80, 81, 82, 87, 92, 93, 96, 97, 100, 105, 112, 119, 125, 126, 141, 144, 147, 148, 149, 150, 151, 152, 155, 160, 162, 166, 167, 180, 183, 186, 187, 190, 191, 194, 195, 198, 204], "summary": {"covered_lines": 49, "num_statements": 49, "percent_covered": 100.0, "percent_covered_display": "100", "missing_lines": 0, "excluded_lines": 15}, "missing_lines": [], "excluded_lines": [24, 25, 26, 27, 28, 29, 30, 119, 120, 121, 122, 162, 163, 204, 205], "functions": {"Commander.__repr__": {"executed_lines": [], "summary": {"covered_lines": 0, "num_statements": 0, "percent_covered": 100.0, "percent_covered_display": "100", "missing_lines": 0, "excluded_lines": 3}, "missing_lines": [], "excluded_lines": [120, 121, 122]}, "Trait.__repr__": {"executed_lines": [], "summary": {"covered_lines": 0, "num_statements": 0, "percent_covered": 100.0, "percent_covered_display": "100", "missing_lines": 0, "excluded_lines": 1}, "missing_lines": [], "excluded_lines": [163]}, "CommanderTrait.__repr__": {"executed_lines": [], "summary": {"covered_lines": 0, "num_statements": 0, "percent_covered": 100.0, "percent_covered_display": "100", "missing_lines": 0, "excluded_lines": 1}, "missing_lines": [], "excluded_lines": [205]}, "": {"executed_lines": [1, 9, 11, 20, 22, 24, 33, 34, 54, 57, 60, 61, 62, 63, 66, 69, 74, 75, 76, 77, 80, 81, 82, 87, 92, 93, 96, 97, 100, 105, 112, 119, 125, 126, 141, 144, 147, 148, 149, 150, 151, 152, 155, 160, 162, 166, 167, 180, 183, 186, 187, 190, 191, 194, 195, 198, 204], "summary": {"covered_lines": 49, "num_statements": 49, "percent_covered": 100.0, "percent_covered_display": "100", "missing_lines": 0, "excluded_lines": 10}, "missing_lines": [], "excluded_lines": [24, 25, 26, 27, 28, 29, 30, 119, 162, 204]}}, "classes": {"Commander": {"executed_lines": [], "summary": {"covered_lines": 0, "num_statements": 0, "percent_covered": 100.0, "percent_covered_display": "100", "missing_lines": 0, "excluded_lines": 3}, "missing_lines": [], "excluded_lines": [120, 121, 122]}, "Trait": {"executed_lines": [], "summary": {"covered_lines": 0, "num_statements": 0, "percent_covered": 100.0, "percent_covered_display": "100", "missing_lines": 0, "excluded_lines": 1}, "missing_lines": [], "excluded_lines": [163]}, "CommanderTrait": {"executed_lines": [], "summary": {"covered_lines": 0, "num_statements": 0, "percent_covered": 100.0, "percent_covered_display": "100", "missing_lines": 0, "excluded_lines": 1}, "missing_lines": [], "excluded_lines": [205]}, "": {"executed_lines": [1, 9, 11, 20, 22, 24, 33, 34, 54, 57, 60, 61, 62, 63, 66, 69, 74, 75, 76, 77, 80, 81, 82, 87, 92, 93, 96, 97, 100, 105, 112, 119, 125, 126, 141, 144, 147, 148, 149, 150, 151, 152, 155, 160, 162, 166, 167, 180, 183, 186, 187, 190, 191, 194, 195, 198, 204], "summary": {"covered_lines": 49, "num_statements": 49, "percent_covered": 100.0, "percent_covered_display": "100", "missing_lines": 0, "excluded_lines": 10}, "missing_lines": [], "excluded_lines": [24, 25, 26, 27, 28, 29, 30, 119, 162, 204]}}}, "src/cataphract/models/event.py": {"executed_lines": [1, 7, 8, 10, 19, 21, 23, 27, 28, 49, 52, 55, 58, 59, 60, 63, 64, 65, 66, 67, 68, 69, 72, 75, 91], "summary": {"covered_lines": 21, "num_statements": 21, "percent_covered": 100.0, "percent_covered_display": "100", "missing_lines": 0, "excluded_lines": 4}, "missing_lines": [], "excluded_lines": [23, 24, 91, 92], "functions": {"Event.__repr__": {"executed_lines": [], "summary": {"covered_lines": 0, "num_statements": 0, "percent_covered": 100.0, "percent_covered_display": "100", "missing_lines": 0, "excluded_lines": 1}, "missing_lines": [], "excluded_lines": [92]}, "": {"executed_lines": [1, 7, 8, 10, 19, 21, 23, 27, 28, 49, 52, 55, 58, 59, 60, 63, 64, 65, 66, 67, 68, 69, 72, 75, 91], "summary": {"covered_lines": 21, "num_statements": 21, "percent_covered": 100.0, "percent_covered_display": "100", "missing_lines": 0, "excluded_lines": 3}, "missing_lines": [], "excluded_lines": [23, 24, 91]}}, "classes": {"Event": {"executed_lines": [], "summary": {"covered_lines": 0, "num_statements": 0, "percent_covered": 100.0, "percent_covered_display": "100", "missing_lines": 0, "excluded_lines": 1}, "missing_lines": [], "excluded_lines": [92]}, "": {"executed_lines": [1, 7, 8, 10, 19, 21, 23, 27, 28, 49, 52, 55, 58, 59, 60, 63, 64, 65, 66, 67, 68, 69, 72, 75, 91], "summary": {"covered_lines": 21, "num_statements": 21, "percent_covered": 100.0, "percent_covered_display": "100", "missing_lines": 0, "excluded_lines": 3}, "missing_lines": [], "excluded_lines": [23, 24, 91]}}}, "src/cataphract/models/faction.py": {"executed_lines": [1, 7, 9, 17, 19, 21, 28, 29, 45, 48, 51, 54, 55, 56, 57, 58, 61, 62, 65, 68, 71, 77, 85, 87, 91, 92, 105, 108, 111, 112, 117, 118, 121, 124, 129, 137], "summary": {"covered_lines": 30, "num_statements": 30, "percent_covered": 100.0, "percent_covered_display": "100", "missing_lines": 0, "excluded_lines": 9}, "missing_lines": [], "excluded_lines": [21, 22, 23, 24, 25, 87, 88, 137, 138], "functions": {"Faction.__repr__": {"executed_lines": [], "summary": {"covered_lines": 0, "num_statements": 0, "percent_covered": 100.0, "percent_covered_display": "100", "missing_lines": 0, "excluded_lines": 1}, "missing_lines": [], "excluded_lines": [88]}, "FactionRelation.__repr__": {"executed_lines": [], "summary": {"covered_lines": 0, "num_statements": 0, "percent_covered": 100.0, "percent_covered_display": "100", "missing_lines": 0, "excluded_lines": 1}, "missing_lines": [], "excluded_lines": [138]}, "": {"executed_lines": [1, 7, 9, 17, 19, 21, 28, 29, 45, 48, 51, 54, 55, 56, 57, 58, 61, 62, 65, 68, 71, 77, 85, 87, 91, 92, 105, 108, 111, 112, 117, 118, 121, 124, 129, 137], "summary": {"covered_lines": 30, "num_statements": 30, "percent_covered": 100.0, "percent_covered_display": "100", "missing_lines": 0, "excluded_lines": 7}, "missing_lines": [], "excluded_lines": [21, 22, 23, 24, 25, 87, 137]}}, "classes": {"Faction": {"executed_lines": [], "summary": {"covered_lines": 0, "num_statements": 0, "percent_covered": 100.0, "percent_covered_display": "100", "missing_lines": 0, "excluded_lines": 1}, "missing_lines": [], "excluded_lines": [88]}, "FactionRelation": {"executed_lines": [], "summary": {"covered_lines": 0, "num_statements": 0, "percent_covered": 100.0, "percent_covered_display": "100", "missing_lines": 0, "excluded_lines": 1}, "missing_lines": [], "excluded_lines": [138]}, "": {"executed_lines": [1, 7, 9, 17, 19, 21, 28, 29, 45, 48, 51, 54, 55, 56, 57, 58, 61, 62, 65, 68, 71, 77, 85, 87, 91, 92, 105, 108, 111, 112, 117, 118, 121, 124, 129, 137], "summary": {"covered_lines": 30, "num_statements": 30, "percent_covered": 100.0, "percent_covered_display": "100", "missing_lines": 0, "excluded_lines": 7}, "missing_lines": [], "excluded_lines": [21, 22, 23, 24, 25, 87, 137]}}}, "src/cataphract/models/game.py": {"executed_lines": [1, 7, 8, 10, 11, 13, 15, 26, 27, 46, 49, 52, 53, 56, 57, 58, 61, 62, 65, 66, 69, 72, 75, 78, 81, 84, 87, 90, 95, 110], "summary": {"covered_lines": 26, "num_statements": 26, "percent_covered": 100.0, "percent_covered_display": "100", "missing_lines": 0, "excluded_lines": 11}, "missing_lines": [], "excluded_lines": [15, 16, 17, 18, 19, 20, 21, 22, 23, 110, 111], "functions": {"Game.__repr__": {"executed_lines": [], "summary": {"covered_lines": 0, "num_statements": 0, "percent_covered": 100.0, "percent_covered_display": "100", "missing_lines": 0, "excluded_lines": 1}, "missing_lines": [], "excluded_lines": [111]}, "": {"executed_lines": [1, 7, 8, 10, 11, 13, 15, 26, 27, 46, 49, 52, 53, 56, 57, 58, 61, 62, 65, 66, 69, 72, 75, 78, 81, 84, 87, 90, 95, 110], "summary": {"covered_lines": 26, "num_statements": 26, "percent_covered": 100.0, "percent_covered_display": "100", "missing_lines": 0, "excluded_lines": 10}, "missing_lines": [], "excluded_lines": [15, 16, 17, 18, 19, 20, 21, 22, 23, 110]}}, "classes": {"Game": {"executed_lines": [], "summary": {"covered_lines": 0, "num_statements": 0, "percent_covered": 100.0, "percent_covered_display": "100", "missing_lines": 0, "excluded_lines": 1}, "missing_lines": [], "excluded_lines": [111]}, "": {"executed_lines": [1, 7, 8, 10, 11, 13, 15, 26, 27, 46, 49, 52, 53, 56, 57, 58, 61, 62, 65, 66, 69, 72, 75, 78, 81, 84, 87, 90, 95, 110], "summary": {"covered_lines": 26, "num_statements": 26, "percent_covered": 100.0, "percent_covered_display": "100", "missing_lines": 0, "excluded_lines": 10}, "missing_lines": [], "excluded_lines": [15, 16, 17, 18, 19, 20, 21, 22, 23, 110]}}}, "src/cataphract/models/map.py": {"executed_lines": [1, 11, 13, 23, 25, 27, 34, 35, 60, 63, 66, 67, 72, 73, 76, 77, 78, 79, 80, 83, 84, 87, 88, 89, 92, 95, 96, 99, 100, 107, 122, 126, 127, 152, 155, 158, 159, 160, 163, 164, 165, 166, 167, 170, 171, 174, 187, 188, 204, 206, 210, 211, 231, 234, 237, 238, 239, 242, 245, 246, 247, 248, 249, 250, 251, 254, 255, 258, 281, 285, 286, 305, 308, 311, 316, 321, 322, 323, 324, 325, 326, 327, 328, 331, 332, 335, 358, 362, 363, 382, 385, 388, 389, 390, 391, 392, 397, 398, 399, 400, 401, 404, 405, 406, 407, 410, 418], "summary": {"covered_lines": 95, "num_statements": 95, "percent_covered": 100.0, "percent_covered_display": "100", "missing_lines": 0, "excluded_lines": 15}, "missing_lines": [], "excluded_lines": [27, 28, 29, 30, 31, 122, 123, 206, 207, 281, 282, 358, 359, 418, 419], "functions": {"Hex.__repr__": {"executed_lines": [], "summary": {"covered_lines": 0, "num_statements": 0, "percent_covered": 100.0, "percent_covered_display": "100", "missing_lines": 0, "excluded_lines": 1}, "missing_lines": [], "excluded_lines": [123]}, "RoadEdge.normalize_edge": {"executed_lines": [204], "summary": {"covered_lines": 1, "num_statements": 1, "percent_covered": 100.0, "percent_covered_display": "100", "missing_lines": 0, "excluded_lines": 0}, "missing_lines": [], "excluded_lines": []}, "RoadEdge.__repr__": {"executed_lines": [], "summary": {"covered_lines": 0, "num_statements": 0, "percent_covered": 100.0, "percent_covered_display": "100", "missing_lines": 0, "excluded_lines": 1}, "missing_lines": [], "excluded_lines": [207]}, "RiverCrossing.__repr__": {"executed_lines": [], "summary": {"covered_lines": 0, "num_statements": 0, "percent_covered": 100.0, "percent_covered_display": "100", "missing_lines": 0, "excluded_lines": 1}, "missing_lines": [], "excluded_lines": [282]}, "CrossingQueue.__repr__": {"executed_lines": [], "summary": {"covered_lines": 0, "num_statements": 0, "percent_covered": 100.0, "percent_covered_display": "100", "missing_lines": 0, "excluded_lines": 1}, "missing_lines": [], "excluded_lines": [359]}, "MapFeature.__repr__": {"executed_lines": [], "summary": {"covered_lines": 0, "num_statements": 0, "percent_covered": 100.0, "percent_covered_display": "100", "missing_lines": 0, "excluded_lines": 1}, "missing_lines": [], "excluded_lines": [419]}, "": {"executed_lines": [1, 11, 13, 23, 25, 27, 34, 35, 60, 63, 66, 67, 72, 73, 76, 77, 78, 79, 80, 83, 84, 87, 88, 89, 92, 95, 96, 99, 100, 107, 122, 126, 127, 152, 155, 158, 159, 160, 163, 164, 165, 166, 167, 170, 171, 174, 187, 188, 206, 210, 211, 231, 234, 237, 238, 239, 242, 245, 246, 247, 248, 249, 250, 251, 254, 255, 258, 281, 285, 286, 305, 308, 311, 316, 321, 322, 323, 324, 325, 326, 327, 328, 331, 332, 335, 358, 362, 363, 382, 385, 388, 389, 390, 391, 392, 397, 398, 399, 400, 401, 404, 405, 406, 407, 410, 418], "summary": {"covered_lines": 94, "num_statements": 94, "percent_covered": 100.0, "percent_covered_display": "100", "missing_lines": 0, "excluded_lines": 10}, "missing_lines": [], "excluded_lines": [27, 28, 29, 30, 31, 122, 206, 281, 358, 418]}}, "classes": {"Hex": {"executed_lines": [], "summary": {"covered_lines": 0, "num_statements": 0, "percent_covered": 100.0, "percent_covered_display": "100", "missing_lines": 0, "excluded_lines": 1}, "missing_lines": [], "excluded_lines": [123]}, "RoadEdge": {"executed_lines": [204], "summary": {"covered_lines": 1, "num_statements": 1, "percent_covered": 100.0, "percent_covered_display": "100", "missing_lines": 0, "excluded_lines": 1}, "missing_lines": [], "excluded_lines": [207]}, "RiverCrossing": {"executed_lines": [], "summary": {"covered_lines": 0, "num_statements": 0, "percent_covered": 100.0, "percent_covered_display": "100", "missing_lines": 0, "excluded_lines": 1}, "missing_lines": [], "excluded_lines": [282]}, "CrossingQueue": {"executed_lines": [], "summary": {"covered_lines": 0, "num_statements": 0, "percent_covered": 100.0, "percent_covered_display": "100", "missing_lines": 0, "excluded_lines": 1}, "missing_lines": [], "excluded_lines": [359]}, "MapFeature": {"executed_lines": [], "summary": {"covered_lines": 0, "num_statements": 0, "percent_covered": 100.0, "percent_covered_display": "100", "missing_lines": 0, "excluded_lines": 1}, "missing_lines": [], "excluded_lines": [419]}, "": {"executed_lines": [1, 11, 13, 23, 25, 27, 34, 35, 60, 63, 66, 67, 72, 73, 76, 77, 78, 79, 80, 83, 84, 87, 88, 89, 92, 95, 96, 99, 100, 107, 122, 126, 127, 152, 155, 158, 159, 160, 163, 164, 165, 166, 167, 170, 171, 174, 187, 188, 206, 210, 211, 231, 234, 237, 238, 239, 242, 245, 246, 247, 248, 249, 250, 251, 254, 255, 258, 281, 285, 286, 305, 308, 311, 316, 321, 322, 323, 324, 325, 326, 327, 328, 331, 332, 335, 358, 362, 363, 382, 385, 388, 389, 390, 391, 392, 397, 398, 399, 400, 401, 404, 405, 406, 407, 410, 418], "summary": {"covered_lines": 94, "num_statements": 94, "percent_covered": 100.0, "percent_covered_display": "100", "missing_lines": 0, "excluded_lines": 10}, "missing_lines": [], "excluded_lines": [27, 28, 29, 30, 31, 122, 206, 281, 358, 418]}}}, "src/cataphract/models/mercenary.py": {"executed_lines": [1, 8, 10, 20, 22, 24, 30, 31, 46, 49, 52, 55, 56, 57, 58, 59, 62, 63, 68, 74, 78, 79, 96, 99, 102, 103, 106, 107, 110, 111, 112, 113, 114, 117, 118, 121, 122, 125, 135], "summary": {"covered_lines": 33, "num_statements": 33, "percent_covered": 100.0, "percent_covered_display": "100", "missing_lines": 0, "excluded_lines": 10}, "missing_lines": [], "excluded_lines": [24, 25, 26, 27, 74, 75, 135, 136, 137, 138], "functions": {"MercenaryCompany.__repr__": {"executed_lines": [], "summary": {"covered_lines": 0, "num_statements": 0, "percent_covered": 100.0, "percent_covered_display": "100", "missing_lines": 0, "excluded_lines": 1}, "missing_lines": [], "excluded_lines": [75]}, "MercenaryContract.__repr__": {"executed_lines": [], "summary": {"covered_lines": 0, "num_statements": 0, "percent_covered": 100.0, "percent_covered_display": "100", "missing_lines": 0, "excluded_lines": 3}, "missing_lines": [], "excluded_lines": [136, 137, 138]}, "": {"executed_lines": [1, 8, 10, 20, 22, 24, 30, 31, 46, 49, 52, 55, 56, 57, 58, 59, 62, 63, 68, 74, 78, 79, 96, 99, 102, 103, 106, 107, 110, 111, 112, 113, 114, 117, 118, 121, 122, 125, 135], "summary": {"covered_lines": 33, "num_statements": 33, "percent_covered": 100.0, "percent_covered_display": "100", "missing_lines": 0, "excluded_lines": 6}, "missing_lines": [], "excluded_lines": [24, 25, 26, 27, 74, 135]}}, "classes": {"MercenaryCompany": {"executed_lines": [], "summary": {"covered_lines": 0, "num_statements": 0, "percent_covered": 100.0, "percent_covered_display": "100", "missing_lines": 0, "excluded_lines": 1}, "missing_lines": [], "excluded_lines": [75]}, "MercenaryContract": {"executed_lines": [], "summary": {"covered_lines": 0, "num_statements": 0, "percent_covered": 100.0, "percent_covered_display": "100", "missing_lines": 0, "excluded_lines": 3}, "missing_lines": [], "excluded_lines": [136, 137, 138]}, "": {"executed_lines": [1, 8, 10, 20, 22, 24, 30, 31, 46, 49, 52, 55, 56, 57, 58, 59, 62, 63, 68, 74, 78, 79, 96, 99, 102, 103, 106, 107, 110, 111, 112, 113, 114, 117, 118, 121, 122, 125, 135], "summary": {"covered_lines": 33, "num_statements": 33, "percent_covered": 100.0, "percent_covered_display": "100", "missing_lines": 0, "excluded_lines": 6}, "missing_lines": [], "excluded_lines": [24, 25, 26, 27, 74, 135]}}}, "src/cataphract/models/message.py": {"executed_lines": [1, 8, 9, 11, 22, 24, 26, 32, 33, 55, 58, 61, 62, 65, 70, 71, 72, 73, 74, 75, 76, 79, 80, 81, 84, 85, 90, 95, 100, 119, 123, 124, 145, 148, 151, 156, 157, 160, 161, 162, 163, 164, 165, 166, 167, 168, 171, 172, 173, 176, 195], "summary": {"covered_lines": 45, "num_statements": 45, "percent_covered": 100.0, "percent_covered_display": "100", "missing_lines": 0, "excluded_lines": 8}, "missing_lines": [], "excluded_lines": [26, 27, 28, 29, 119, 120, 195, 196], "functions": {"Message.__repr__": {"executed_lines": [], "summary": {"covered_lines": 0, "num_statements": 0, "percent_covered": 100.0, "percent_covered_display": "100", "missing_lines": 0, "excluded_lines": 1}, "missing_lines": [], "excluded_lines": [120]}, "MessageLeg.__repr__": {"executed_lines": [], "summary": {"covered_lines": 0, "num_statements": 0, "percent_covered": 100.0, "percent_covered_display": "100", "missing_lines": 0, "excluded_lines": 1}, "missing_lines": [], "excluded_lines": [196]}, "": {"executed_lines": [1, 8, 9, 11, 22, 24, 26, 32, 33, 55, 58, 61, 62, 65, 70, 71, 72, 73, 74, 75, 76, 79, 80, 81, 84, 85, 90, 95, 100, 119, 123, 124, 145, 148, 151, 156, 157, 160, 161, 162, 163, 164, 165, 166, 167, 168, 171, 172, 173, 176, 195], "summary": {"covered_lines": 45, "num_statements": 45, "percent_covered": 100.0, "percent_covered_display": "100", "missing_lines": 0, "excluded_lines": 6}, "missing_lines": [], "excluded_lines": [26, 27, 28, 29, 119, 195]}}, "classes": {"Message": {"executed_lines": [], "summary": {"covered_lines": 0, "num_statements": 0, "percent_covered": 100.0, "percent_covered_display": "100", "missing_lines": 0, "excluded_lines": 1}, "missing_lines": [], "excluded_lines": [120]}, "MessageLeg": {"executed_lines": [], "summary": {"covered_lines": 0, "num_statements": 0, "percent_covered": 100.0, "percent_covered_display": "100", "missing_lines": 0, "excluded_lines": 1}, "missing_lines": [], "excluded_lines": [196]}, "": {"executed_lines": [1, 8, 9, 11, 22, 24, 26, 32, 33, 55, 58, 61, 62, 65, 70, 71, 72, 73, 74, 75, 76, 79, 80, 81, 84, 85, 90, 95, 100, 119, 123, 124, 145, 148, 151, 156, 157, 160, 161, 162, 163, 164, 165, 166, 167, 168, 171, 172, 173, 176, 195], "summary": {"covered_lines": 45, "num_statements": 45, "percent_covered": 100.0, "percent_covered_display": "100", "missing_lines": 0, "excluded_lines": 6}, "missing_lines": [], "excluded_lines": [26, 27, 28, 29, 119, 195]}}}, "src/cataphract/models/naval.py": {"executed_lines": [1, 8, 10, 19, 21, 23, 30, 31, 49, 52, 55, 56, 57, 58, 59, 60, 61, 62, 63, 66, 68, 72, 73, 91, 94, 97, 98, 101, 102, 103, 108, 109, 110, 111, 114, 115, 116, 117, 118, 121, 127], "summary": {"covered_lines": 35, "num_statements": 35, "percent_covered": 100.0, "percent_covered_display": "100", "missing_lines": 0, "excluded_lines": 9}, "missing_lines": [], "excluded_lines": [23, 24, 25, 26, 27, 68, 69, 127, 128], "functions": {"ShipType.__repr__": {"executed_lines": [], "summary": {"covered_lines": 0, "num_statements": 0, "percent_covered": 100.0, "percent_covered_display": "100", "missing_lines": 0, "excluded_lines": 1}, "missing_lines": [], "excluded_lines": [69]}, "Ship.__repr__": {"executed_lines": [], "summary": {"covered_lines": 0, "num_statements": 0, "percent_covered": 100.0, "percent_covered_display": "100", "missing_lines": 0, "excluded_lines": 1}, "missing_lines": [], "excluded_lines": [128]}, "": {"executed_lines": [1, 8, 10, 19, 21, 23, 30, 31, 49, 52, 55, 56, 57, 58, 59, 60, 61, 62, 63, 66, 68, 72, 73, 91, 94, 97, 98, 101, 102, 103, 108, 109, 110, 111, 114, 115, 116, 117, 118, 121, 127], "summary": {"covered_lines": 35, "num_statements": 35, "percent_covered": 100.0, "percent_covered_display": "100", "missing_lines": 0, "excluded_lines": 7}, "missing_lines": [], "excluded_lines": [23, 24, 25, 26, 27, 68, 127]}}, "classes": {"ShipType": {"executed_lines": [], "summary": {"covered_lines": 0, "num_statements": 0, "percent_covered": 100.0, "percent_covered_display": "100", "missing_lines": 0, "excluded_lines": 1}, "missing_lines": [], "excluded_lines": [69]}, "Ship": {"executed_lines": [], "summary": {"covered_lines": 0, "num_statements": 0, "percent_covered": 100.0, "percent_covered_display": "100", "missing_lines": 0, "excluded_lines": 1}, "missing_lines": [], "excluded_lines": [128]}, "": {"executed_lines": [1, 8, 10, 19, 21, 23, 30, 31, 49, 52, 55, 56, 57, 58, 59, 60, 61, 62, 63, 66, 68, 72, 73, 91, 94, 97, 98, 101, 102, 103, 108, 109, 110, 111, 114, 115, 116, 117, 118, 121, 127], "summary": {"covered_lines": 35, "num_statements": 35, "percent_covered": 100.0, "percent_covered_display": "100", "missing_lines": 0, "excluded_lines": 7}, "missing_lines": [], "excluded_lines": [23, 24, 25, 26, 27, 68, 127]}}}, "src/cataphract/models/operation.py": {"executed_lines": [1, 7, 9, 18, 20, 22, 27, 28, 52, 55, 58, 59, 62, 63, 64, 65, 66, 67, 68, 69, 70, 71, 72, 73, 76, 77, 80, 89], "summary": {"covered_lines": 24, "num_statements": 24, "percent_covered": 100.0, "percent_covered_display": "100", "missing_lines": 0, "excluded_lines": 5}, "missing_lines": [], "excluded_lines": [22, 23, 24, 89, 90], "functions": {"Operation.__repr__": {"executed_lines": [], "summary": {"covered_lines": 0, "num_statements": 0, "percent_covered": 100.0, "percent_covered_display": "100", "missing_lines": 0, "excluded_lines": 1}, "missing_lines": [], "excluded_lines": [90]}, "": {"executed_lines": [1, 7, 9, 18, 20, 22, 27, 28, 52, 55, 58, 59, 62, 63, 64, 65, 66, 67, 68, 69, 70, 71, 72, 73, 76, 77, 80, 89], "summary": {"cove
[...]
, 293, 297, 299, 304, 305, 306, 307, 308, 309, 319, 327, 339, 382, 383, 386, 388, 394, 395, 399, 411, 414, 415, 416, 420, 458, 459, 492, 493], "excluded_lines": []}, "": {"executed_lines": [1, 7, 9, 15, 16, 17, 18, 19, 22, 23, 24, 25, 26, 27, 28, 29, 30, 33, 34, 36, 40, 87, 127, 178, 220, 233, 273, 313, 343, 372, 401, 426, 469], "summary": {"covered_lines": 31, "num_statements": 31, "percent_covered": 100.0, "percent_covered_display": "100", "missing_lines": 0, "excluded_lines": 0}, "missing_lines": [], "excluded_lines": []}}}, "src/cataphract/services/tick_service.py": {"executed_lines": [1, 14, 15, 17, 18, 20, 21, 22, 25, 26, 27, 30, 43, 44, 45, 47, 50, 51, 52, 53, 54, 57, 58, 59, 60, 61, 64, 69, 72, 75, 76, 78, 79, 81, 83, 95, 108, 119, 120, 121, 123, 124, 127, 128, 129, 130, 131, 132, 133, 134, 136, 138, 139, 141, 153, 155, 158, 160, 162, 163, 164, 167, 170, 171, 176, 179, 180, 181, 187, 190, 193, 200, 201, 202, 205, 206, 209, 210, 211, 212, 213, 214, 216, 219, 221, 222, 223, 230, 231, 233, 234, 237, 239, 247, 248, 249, 250, 251, 252, 253, 254, 255, 257, 273, 274, 276, 279, 281, 294, 295, 296, 297, 299, 302, 304, 315, 316, 317, 318, 319, 321, 322, 323, 324, 336, 337, 339, 342, 344, 346, 347, 350, 351, 369, 386, 387, 390, 392, 393, 394, 397, 399, 405, 408, 410, 418, 421, 423], "summary": {"covered_lines": 147, "num_statements": 148, "percent_covered": 99.32432432432432, "percent_covered_display": "99", "missing_lines": 1, "excluded_lines": 0}, "missing_lines": [370], "excluded_lines": [], "functions": {"advance_tick": {"executed_lines": [43, 44, 45, 47, 50, 51, 52, 53, 54, 57, 58, 59, 60, 61, 64, 69, 72, 75, 76, 78, 79, 81, 83, 95], "summary": {"covered_lines": 24, "num_statements": 24, "percent_covered": 100.0, "percent_covered_display": "100", "missing_lines": 0, "excluded_lines": 0}, "missing_lines": [], "excluded_lines": []}, "update_weather": {"executed_lines": [119, 120, 121, 123, 124, 127, 128, 129, 130, 131, 132, 133, 134, 136, 138, 139, 141, 153, 155], "summary": {"covered_lines": 19, "num_statements": 19, "percent_covered": 100.0, "percent_covered_display": "100", "missing_lines": 0, "excluded_lines": 0}, "missing_lines": [], "excluded_lines": []}, "_process_start_of_day_flags": {"executed_lines": [160, 162, 163, 164, 167, 170, 171, 176, 179, 180, 181, 187], "summary": {"covered_lines": 12, "num_statements": 12, "percent_covered": 100.0, "percent_covered_display": "100", "missing_lines": 0, "excluded_lines": 0}, "missing_lines": [], "excluded_lines": []}, "_calculate_sick_or_exhausted": {"executed_lines": [193, 200, 201, 202, 205, 206, 209, 210, 211, 212, 213, 214, 216], "summary": {"covered_lines": 13, "num_statements": 13, "percent_covered": 100.0, "percent_covered_display": "100", "missing_lines": 0, "excluded_lines": 0}, "missing_lines": [], "excluded_lines": []}, "_get_consecutive_bad_weather_days": {"executed_lines": [221, 222, 223, 230, 231, 233, 234], "summary": {"covered_lines": 7, "num_statements": 7, "percent_covered": 100.0, "percent_covered_display": "100", "missing_lines": 0, "excluded_lines": 0}, "missing_lines": [], "excluded_lines": []}, "_process_message_deliveries": {"executed_lines": [239, 247, 248, 249, 250, 251, 252, 253, 254, 255, 257, 273, 274, 276], "summary": {"covered_lines": 14, "num_statements": 14, "percent_covered": 100.0, "percent_covered_display": "100", "missing_lines": 0, "excluded_lines": 0}, "missing_lines": [], "excluded_lines": []}, "_process_scheduled_orders": {"executed_lines": [281, 294, 295, 296, 297, 299], "summary": {"covered_lines": 6, "num_statements": 6, "percent_covered": 100.0, "percent_covered_display": "100", "missing_lines": 0, "excluded_lines": 0}, "missing_lines": [], "excluded_lines": []}, "_resolve_battles": {"executed_lines": [304, 315, 316, 317, 318, 319, 321, 322, 323, 324, 336, 337, 339], "summary": {"covered_lines": 13, "num_statements": 13, "percent_covered": 100.0, "percent_covered_display": "100", "missing_lines": 0, "excluded_lines": 0}, "missing_lines": [], "excluded_lines": []}, "_consume_supplies": {"executed_lines": [344, 346, 347, 350, 351, 369, 386, 387], "summary": {"covered_lines": 8, "num_statements": 9, "percent_covered": 88.88888888888889, "percent_covered_display": "89", "missing_lines": 1, "excluded_lines": 0}, "missing_lines": [370], "excluded_lines": []}, "_reset_weekly_counters": {"executed_lines": [392, 393, 394], "summary": {"covered_lines": 3, "num_statements": 3, "percent_covered": 100.0, "percent_covered_display": "100", "missing_lines": 0, "excluded_lines": 0}, "missing_lines": [], "excluded_lines": []}, "_get_weather_probabilities": {"executed_lines": [399, 405], "summary": {"covered_lines": 2, "num_statements": 2, "percent_covered": 100.0, "percent_covered_display": "100", "missing_lines": 0, "excluded_lines": 0}, "missing_lines": [], "excluded_lines": []}, "_get_weather_effects": {"executed_lines": [410, 418], "summary": {"covered_lines": 2, "num_statements": 2, "percent_covered": 100.0, "percent_covered_display": "100", "missing_lines": 0, "excluded_lines": 0}, "missing_lines": [], "excluded_lines": []}, "_part_index": {"executed_lines": [423], "summary": {"covered_lines": 1, "num_statements": 1, "percent_covered": 100.0, "percent_covered_display": "100", "missing_lines": 0, "excluded_lines": 0}, "missing_lines": [], "excluded_lines": []}, "": {"executed_lines": [1, 14, 15, 17, 18, 20, 21, 22, 25, 26, 27, 30, 108, 158, 190, 219, 237, 279, 302, 342, 390, 397, 408, 421], "summary": {"covered_lines": 23, "num_statements": 23, "percent_covered": 100.0, "percent_covered_display": "100", "missing_lines": 0, "excluded_lines": 0}, "missing_lines": [], "excluded_lines": []}}, "classes": {"": {"executed_lines": [1, 14, 15, 17, 18, 20, 21, 22, 25, 26, 27, 30, 43, 44, 45, 47, 50, 51, 52, 53, 54, 57, 58, 59, 60, 61, 64, 69, 72, 75, 76, 78, 79, 81, 83, 95, 108, 119, 120, 121, 123, 124, 127, 128, 129, 130, 131, 132, 133, 134, 136, 138, 139, 141, 153, 155, 158, 160, 162, 163, 164, 167, 170, 171, 176, 179, 180, 181, 187, 190, 193, 200, 201, 202, 205, 206, 209, 210, 211, 212, 213, 214, 216, 219, 221, 222, 223, 230, 231, 233, 234, 237, 239, 247, 248, 249, 250, 251, 252, 253, 254, 255, 257, 273, 274, 276, 279, 281, 294, 295, 296, 297, 299, 302, 304, 315, 316, 317, 318, 319, 321, 322, 323, 324, 336, 337, 339, 342, 344, 346, 347, 350, 351, 369, 386, 387, 390, 392, 393, 394, 397, 399, 405, 408, 410, 418, 421, 423], "summary": {"covered_lines": 147, "num_statements": 148, "percent_covered": 99.32432432432432, "percent_covered_display": "99", "missing_lines": 1, "excluded_lines": 0}, "missing_lines": [370], "excluded_lines": []}}}, "src/cataphract/services/visibility_service.py": {"executed_lines": [1, 7, 9, 10, 11, 14, 15, 18, 19, 21, 22, 24, 41, 42, 44, 45, 47, 97, 116, 163, 185, 196, 199, 200, 204, 205, 208, 209, 210, 211, 212, 215, 216, 217, 218, 223, 224, 226, 230], "summary": {"covered_lines": 37, "num_statements": 77, "percent_covered": 48.05194805194805, "percent_covered_display": "48", "missing_lines": 40, "excluded_lines": 0}, "missing_lines": [61, 62, 64, 65, 66, 69, 72, 73, 76, 79, 82, 83, 84, 92, 93, 95, 110, 111, 114, 124, 125, 126, 129, 130, 132, 133, 136, 146, 148, 149, 152, 159, 161, 181, 182, 183, 219, 220, 225, 227], "excluded_lines": [], "functions": {"VisibilityService.__init__": {"executed_lines": [22], "summary": {"covered_lines": 1, "num_statements": 1, "percent_covered": 100.0, "percent_covered_display": "100", "missing_lines": 0, "excluded_lines": 0}, "missing_lines": [], "excluded_lines": []}, "VisibilityService.calculate_scouting_radius": {"executed_lines": [41, 42, 44, 45], "summary": {"covered_lines": 4, "num_statements": 4, "percent_covered": 100.0, "percent_covered_display": "100", "missing_lines": 0, "excluded_lines": 0}, "missing_lines": [], "excluded_lines": []}, "VisibilityService.get_visible_hexes": {"executed_lines": [], "summary": {"covered_lines": 0, "num_statements": 16, "percent_covered": 0.0, "percent_covered_display": "0", "missing_lines": 16, "excluded_lines": 0}, "missing_lines": [61, 62, 64, 65, 66, 69, 72, 73, 76, 79, 82, 83, 84, 92, 93, 95], "excluded_lines": []}, "VisibilityService.get_visible_armies": {"executed_lines": [], "summary": {"covered_lines": 0, "num_statements": 3, "percent_covered": 0.0, "percent_covered_display": "0", "missing_lines": 3, "excluded_lines": 0}, "missing_lines": [110, 111, 114], "excluded_lines": []}, "VisibilityService.update_commander_visibility": {"executed_lines": [], "summary": {"covered_lines": 0, "num_statements": 14, "percent_covered": 0.0, "percent_covered_display": "0", "missing_lines": 14, "excluded_lines": 0}, "missing_lines": [124, 125, 126, 129, 130, 132, 133, 136, 146, 148, 149, 152, 159, 161], "excluded_lines": []}, "VisibilityService.is_hex_visible_to_commander": {"executed_lines": [], "summary": {"covered_lines": 0, "num_statements": 3, "percent_covered": 0.0, "percent_covered_display": "0", "missing_lines": 3, "excluded_lines": 0}, "missing_lines": [181, 182, 183], "excluded_lines": []}, "VisibilityService.get_scouting_range_for_army": {"executed_lines": [196, 199, 200, 204, 205, 208, 209, 210, 211, 212, 215, 216, 217, 218, 223, 224, 226, 230], "summary": {"covered_lines": 18, "num_statements": 22, "percent_covered": 81.81818181818181, "percent_covered_display": "82", "missing_lines": 4, "excluded_lines": 0}, "missing_lines": [219, 220, 225, 227], "excluded_lines": []}, "": {"executed_lines": [1, 7, 9, 10, 11, 14, 15, 18, 19, 21, 24, 47, 97, 116, 163, 185], "summary": {"covered_lines": 14, "num_statements": 14, "percent_covered": 100.0, "percent_covered_display": "100", "missing_lines": 0, "excluded_lines": 0}, "missing_lines": [], "excluded_lines": []}}, "classes": {"VisibilityService": {"executed_lines": [22, 41, 42, 44, 45, 196, 199, 200, 204, 205, 208, 209, 210, 211, 212, 215, 216, 217, 218, 223, 224, 226, 230], "summary": {"covered_lines": 23, "num_statements": 63, "percent_covered": 36.507936507936506, "percent_covered_display": "37", "missing_lines": 40, "excluded_lines": 0}, "missing_lines": [61, 62, 64, 65, 66, 69, 72, 73, 76, 79, 82, 83, 84, 92, 93, 95, 110, 111, 114, 124, 125, 126, 129, 130, 132, 133, 136, 146, 148, 149, 152, 159, 161, 181, 182, 183, 219, 220, 225, 227], "excluded_lines": []}, "": {"executed_lines": [1, 7, 9, 10, 11, 14, 15, 18, 19, 21, 24, 47, 97, 116, 163, 185], "summary": {"covered_lines": 14, "num_statements": 14, "percent_covered": 100.0, "percent_covered_display": "100", "missing_lines": 0, "excluded_lines": 0}, "missing_lines": [], "excluded_lines": []}}}, "src/cataphract/utils/__init__.py": {"executed_lines": [1, 3, 11], "summary": {"covered_lines": 2, "num_statements": 2, "percent_covered": 100.0, "percent_covered_display": "100", "missing_lines": 0, "excluded_lines": 0}, "missing_lines": [], "excluded_lines": [], "functions": {"": {"executed_lines": [1, 3, 11], "summary": {"covered_lines": 2, "num_statements": 2, "percent_covered": 100.0, "percent_covered_display": "100", "missing_lines": 0, "excluded_lines": 0}, "missing_lines": [], "excluded_lines": []}}, "classes": {"": {"executed_lines": [1, 3, 11], "summary": {"covered_lines": 2, "num_statements": 2, "percent_covered": 100.0, "percent_covered_display": "100", "missing_lines": 0, "excluded_lines": 0}, "missing_lines": [], "excluded_lines": []}}}, "src/cataphract/utils/hex_math.py": {"executed_lines": [1, 30, 33, 34, 35, 53, 54, 56, 58, 61, 86, 87, 88, 89, 92, 116, 119, 143, 144, 147, 148, 149, 152, 157, 167, 193, 194, 195, 196, 197, 200, 231, 232, 233, 236, 238, 242, 243, 244, 246, 248, 249, 251, 254, 267, 270, 271, 274, 275, 276, 277, 279, 280, 281], "summary": {"covered_lines": 52, "num_statements": 53, "percent_covered": 98.11320754716981, "percent_covered_display": "98", "missing_lines": 1, "excluded_lines": 0}, "missing_lines": [268], "excluded_lines": [], "functions": {"HexCoord.__hash__": {"executed_lines": [58], "summary": {"covered_lines": 1, "num_statements": 1, "percent_covered": 100.0, "percent_covered_display": "100", "missing_lines": 0, "excluded_lines": 0}, "missing_lines": [], "excluded_lines": []}, "axial_to_cube": {"executed_lines": [86, 87, 88, 89], "summary": {"covered_lines": 4, "num_statements": 4, "percent_covered": 100.0, "percent_covered_display": "100", "missing_lines": 0, "excluded_lines": 0}, "missing_lines": [], "excluded_lines": []}, "cube_to_axial": {"executed_lines": [116], "summary": {"covered_lines": 1, "num_statements": 1, "percent_covered": 100.0, "percent_covered_display": "100", "missing_lines": 0, "excluded_lines": 0}, "missing_lines": [], "excluded_lines": []}, "hex_distance": {"executed_lines": [143, 144, 147, 148, 149, 152], "summary": {"covered_lines": 6, "num_statements": 6, "percent_covered": 100.0, "percent_covered_display": "100", "missing_lines": 0, "excluded_lines": 0}, "missing_lines": [], "excluded_lines": []}, "hex_neighbors": {"executed_lines": [193, 194, 195, 196, 197], "summary": {"covered_lines": 5, "num_statements": 5, "percent_covered": 100.0, "percent_covered_display": "100", "missing_lines": 0, "excluded_lines": 0}, "missing_lines": [], "excluded_lines": []}, "hexes_in_range": {"executed_lines": [231, 232, 233, 236, 238, 242, 243, 244, 246, 248, 249, 251], "summary": {"covered_lines": 12, "num_statements": 12, "percent_covered": 100.0, "percent_covered_display": "100", "missing_lines": 0, "excluded_lines": 0}, "missing_lines": [], "excluded_lines": []}, "get_ring": {"executed_lines": [267, 270, 271, 274, 275, 276, 277, 279, 280, 281], "summary": {"covered_lines": 10, "num_statements": 11, "percent_covered": 90.9090909090909, "percent_covered_display": "91", "missing_lines": 1, "excluded_lines": 0}, "missing_lines": [268], "excluded_lines": []}, "": {"executed_lines": [1, 30, 33, 34, 35, 53, 54, 56, 61, 92, 119, 157, 167, 200, 254], "summary": {"covered_lines": 13, "num_statements": 13, "percent_covered": 100.0, "percent_covered_display": "100", "missing_lines": 0, "excluded_lines": 0}, "missing_lines": [], "excluded_lines": []}}, "classes": {"HexCoord": {"executed_lines": [58], "summary": {"covered_lines": 1, "num_statements": 1, "percent_covered": 100.0, "percent_covered_display": "100", "missing_lines": 0, "excluded_lines": 0}, "missing_lines": [], "excluded_lines": []}, "": {"executed_lines": [1, 30, 33, 34, 35, 53, 54, 56, 61, 86, 87, 88, 89, 92, 116, 119, 143, 144, 147, 148, 149, 152, 157, 167, 193, 194, 195, 196, 197, 200, 231, 232, 233, 236, 238, 242, 243, 244, 246, 248, 249, 251, 254, 267, 270, 271, 274, 275, 276, 277, 279, 280, 281], "summary": {"covered_lines": 51, "num_statements": 52, "percent_covered": 98.07692307692308, "percent_covered_display": "98", "missing_lines": 1, "excluded_lines": 0}, "missing_lines": [268], "excluded_lines": []}}}, "src/cataphract/utils/rng.py": {"executed_lines": [1, 22, 23, 24, 25, 26, 29, 56, 57, 58, 59, 61, 64, 73, 75, 78, 97, 98, 99, 103, 104, 106, 107, 108, 109, 111, 114, 144, 146, 147, 149, 157, 184, 185, 187, 188, 190, 197, 228, 229, 231, 232, 234, 242, 243, 248, 249, 250, 251, 252, 253, 254, 255, 258, 259, 265, 266, 268, 269, 270, 271, 273, 274, 277, 278, 279, 280, 281, 287, 323, 324, 326, 329, 332, 333, 335], "summary": {"covered_lines": 75, "num_statements": 76, "percent_covered": 98.6842105263158, "percent_covered_display": "99", "missing_lines": 1, "excluded_lines": 0}, "missing_lines": [284], "excluded_lines": [], "functions": {"generate_seed": {"executed_lines": [56, 57, 58, 59, 61], "summary": {"covered_lines": 5, "num_statements": 5, "percent_covered": 100.0, "percent_covered_display": "100", "missing_lines": 0, "excluded_lines": 0}, "missing_lines": [], "excluded_lines": []}, "_seed_to_int": {"executed_lines": [73, 75], "summary": {"covered_lines": 2, "num_statements": 2, "percent_covered": 100.0, "percent_covered_display": "100", "missing_lines": 0, "excluded_lines": 0}, "missing_lines": [], "excluded_lines": []}, "_parse_dice_notation": {"executed_lines": [97, 98, 99, 103, 104, 106, 107, 108, 109, 111], "summary": {"covered_lines": 10, "num_statements": 10, "percent_covered": 100.0, "percent_covered_display": "100", "missing_lines": 0, "excluded_lines": 0}, "missing_lines": [], "excluded_lines": []}, "roll_dice": {"executed_lines": [144, 146, 147, 149], "summary": {"covered_lines": 4, "num_statements": 4, "percent_covered": 100.0, "percent_covered_display": "100", "missing_lines": 0, "excluded_lines": 0}, "missing_lines": [], "excluded_lines": []}, "random_choice": {"executed_lines": [184, 185, 187, 188, 190], "summary": {"covered_lines": 5, "num_statements": 5, "percent_covered": 100.0, "percent_covered_display": "100", "missing_lines": 0, "excluded_lines": 0}, "missing_lines": [], "excluded_lines": []}, "random_int": {"executed_lines": [228, 229, 231, 232, 234], "summary": {"covered_lines": 5, "num_statements": 5, "percent_covered": 100.0, "percent_covered_display": "100", "missing_lines": 0, "excluded_lines": 0}, "missing_lines": [], "excluded_lines": []}, "_dice_pmf": {"executed_lines": [248, 249, 250, 251, 252, 253, 254, 255], "summary": {"covered_lines": 8, "num_statements": 8, "percent_covered": 100.0, "percent_covered_display": "100", "missing_lines": 0, "excluded_lines": 0}, "missing_lines": [], "excluded_lines": []}, "_dice_threshold_for_probability": {"executed_lines": [265, 266, 268, 269, 270, 271, 273, 274, 277, 278, 279, 280, 281], "summary": {"covered_lines": 13, "num_statements": 14, "percent_covered": 92.85714285714286, "percent_covered_display": "93", "missing_lines": 1, "excluded_lines": 0}, "missing_lines": [284], "excluded_lines": []}, "check_success": {"executed_lines": [323, 324, 326, 329, 332, 333, 335], "summary": {"covered_lines": 7, "num_statements": 7, "percent_covered": 100.0, "percent_covered_display": "100", "missing_lines": 0, "excluded_lines": 0}, "missing_lines": [], "excluded_lines": []}, "": {"executed_lines": [1, 22, 23, 24, 25, 26, 29, 64, 78, 114, 157, 197, 242, 243, 258, 259, 287], "summary": {"covered_lines": 16, "num_statements": 16, "percent_covered": 100.0, "percent_covered_display": "100", "missing_lines": 0, "excluded_lines": 0}, "missing_lines": [], "excluded_lines": []}}, "classes": {"": {"executed_lines": [1, 22, 23, 24, 25, 26, 29, 56, 57, 58, 59, 61, 64, 73, 75, 78, 97, 98, 99, 103, 104, 106, 107, 108, 109, 111, 114, 144, 146, 147, 149, 157, 184, 185, 187, 188, 190, 197, 228, 229, 231, 232, 234, 242, 243, 248, 249, 250, 251, 252, 253, 254, 255, 258, 259, 265, 266, 268, 269, 270, 271, 273, 274, 277, 278, 279, 280, 281, 287, 323, 324, 326, 329, 332, 333, 335], "summary": {"covered_lines": 75, "num_statements": 76, "percent_covered": 98.6842105263158, "percent_covered_display": "99", "missing_lines": 1, "excluded_lines": 0}, "missing_lines": [284], "excluded_lines": []}}}, "src/cataphract/utils/rng_wrapper.py": {"executed_lines": [], "summary": {"covered_lines": 0, "num_statements": 9, "percent_covered": 0.0, "percent_covered_display": "0", "missing_lines": 9, "excluded_lines": 0}, "missing_lines": [3, 6, 17, 18, 19, 21, 22, 23, 25], "excluded_lines": [], "functions": {"roll_dice_old": {"executed_lines": [], "summary": {"covered_lines": 0, "num_statements": 7, "percent_covered": 0.0, "percent_covered_display": "0", "missing_lines": 7, "excluded_lines": 0}, "missing_lines": [17, 18, 19, 21, 22, 23, 25], "excluded_lines": []}, "": {"executed_lines": [], "summary": {"covered_lines": 0, "num_statements": 2, "percent_covered": 0.0, "percent_covered_display": "0", "missing_lines": 2, "excluded_lines": 0}, "missing_lines": [3, 6], "excluded_lines": []}}, "classes": {"": {"executed_lines": [], "summary": {"covered_lines": 0, "num_statements": 9, "percent_covered": 0.0, "percent_covered_display": "0", "missing_lines": 9, "excluded_lines": 0}, "missing_lines": [3, 6, 17, 18, 19, 21, 22, 23, 25], "excluded_lines": []}}}}, "totals": {"covered_lines": 2519, "num_statements": 3238, "percent_covered": 77.79493514515133, "percent_covered_display": "78", "missing_lines": 719, "excluded_lines": 142}}